0 verbose cli C:\Program Files\nodejs\node.exe C:\Users\ㅋㅋ\AppData\Roaming\npm\node_modules\npm\bin\npm-cli.js
1 info using npm@10.8.2
2 info using node@v18.18.0
3 silly config load:file:C:\Users\ㅋㅋ\AppData\Roaming\npm\node_modules\npm\npmrc
4 silly config load:file:D:\Spring_Edu_React\.npmrc
5 silly config load:file:C:\Users\ㅋㅋ\.npmrc
6 silly config load:file:C:\Users\ㅋㅋ\AppData\Roaming\npm\etc\npmrc
7 verbose title npm install styled-components
8 verbose argv "install" "styled-components"
9 verbose logfile logs-max:10 dir:D:\Spring_Edu_React\clean\_logs\2024-08-22T11_25_39_202Z-
10 verbose logfile D:\Spring_Edu_React\clean\_logs\2024-08-22T11_25_39_202Z-debug-0.log
11 silly packumentCache heap:4345298944 maxSize:1086324736 maxEntrySize:543162368
12 silly logfile done cleaning log files
13 silly idealTree buildDeps
14 silly fetch manifest styled-components@*
15 silly packumentCache full:https://registry.yarnpkg.com/styled-components cache-miss
16 verbose shrinkwrap failed to load node_modules/.package-lock.json out of date, updated: node_modules
17 http fetch GET 200 https://registry.yarnpkg.com/styled-components 4626ms (cache miss)
18 silly packumentCache full:https://registry.yarnpkg.com/styled-components set size:undefined disposed:false
19 silly fetch manifest react@^18.3.1
20 silly packumentCache full:https://registry.yarnpkg.com/react cache-miss
21 http fetch GET 200 https://registry.yarnpkg.com/react 110ms (cache miss)
22 silly packumentCache full:https://registry.yarnpkg.com/react set size:undefined disposed:false
23 silly fetch manifest react-dom@^18.3.1
24 silly packumentCache full:https://registry.yarnpkg.com/react-dom cache-miss
25 http fetch GET 200 https://registry.yarnpkg.com/react-dom 116ms (cache miss)
26 silly packumentCache full:https://registry.yarnpkg.com/react-dom set size:undefined disposed:false
27 silly placeDep ROOT styled-components@6.1.12 OK for: canba@0.1.0 want: *
28 silly fetch manifest @emotion/is-prop-valid@1.2.2
29 silly packumentCache full:https://registry.yarnpkg.com/@emotion%2fis-prop-valid cache-miss
30 silly fetch manifest @emotion/unitless@0.8.1
31 silly packumentCache full:https://registry.yarnpkg.com/@emotion%2funitless cache-miss
32 silly fetch manifest @types/stylis@4.2.5
33 silly packumentCache full:https://registry.yarnpkg.com/@types%2fstylis cache-miss
34 silly fetch manifest css-to-react-native@3.2.0
35 silly packumentCache full:https://registry.yarnpkg.com/css-to-react-native cache-miss
36 silly fetch manifest postcss@8.4.38
37 silly packumentCache full:https://registry.yarnpkg.com/postcss cache-miss
38 silly fetch manifest shallowequal@1.1.0
39 silly packumentCache full:https://registry.yarnpkg.com/shallowequal cache-miss
40 silly fetch manifest stylis@4.3.2
41 silly packumentCache full:https://registry.yarnpkg.com/stylis cache-miss
42 silly fetch manifest tslib@2.6.2
43 silly packumentCache full:https://registry.yarnpkg.com/tslib cache-miss
44 http fetch GET 200 https://registry.yarnpkg.com/@emotion%2funitless 91ms (cache miss)
45 silly packumentCache full:https://registry.yarnpkg.com/@emotion%2funitless set size:undefined disposed:false
46 http fetch GET 200 https://registry.yarnpkg.com/@types%2fstylis 93ms (cache miss)
47 silly packumentCache full:https://registry.yarnpkg.com/@types%2fstylis set size:undefined disposed:false
48 http fetch GET 200 https://registry.yarnpkg.com/css-to-react-native 99ms (cache miss)
49 silly packumentCache full:https://registry.yarnpkg.com/css-to-react-native set size:undefined disposed:false
50 http fetch GET 200 https://registry.yarnpkg.com/tslib 101ms (cache miss)
51 silly packumentCache full:https://registry.yarnpkg.com/tslib set size:undefined disposed:false
52 http fetch GET 200 https://registry.yarnpkg.com/stylis 108ms (cache miss)
53 silly packumentCache full:https://registry.yarnpkg.com/stylis set size:undefined disposed:false
54 http fetch GET 200 https://registry.yarnpkg.com/postcss 115ms (cache miss)
55 silly packumentCache full:https://registry.yarnpkg.com/postcss set size:undefined disposed:false
56 http fetch GET 200 https://registry.yarnpkg.com/shallowequal 689ms (cache miss)
57 silly packumentCache full:https://registry.yarnpkg.com/shallowequal set size:undefined disposed:false
58 http fetch GET 200 https://registry.yarnpkg.com/@emotion%2fis-prop-valid 917ms (cache miss)
59 silly packumentCache full:https://registry.yarnpkg.com/@emotion%2fis-prop-valid set size:undefined disposed:false
60 silly placeDep ROOT @emotion/is-prop-valid@1.2.2 OK for: styled-components@6.1.12 want: 1.2.2
61 silly placeDep ROOT @emotion/unitless@0.8.1 OK for: styled-components@6.1.12 want: 0.8.1
62 silly placeDep ROOT @types/stylis@4.2.5 OK for: styled-components@6.1.12 want: 4.2.5
63 silly placeDep ROOT css-to-react-native@3.2.0 OK for: styled-components@6.1.12 want: 3.2.0
64 silly placeDep node_modules/styled-components postcss@8.4.38 OK for: styled-components@6.1.12 want: 8.4.38
65 silly placeDep ROOT shallowequal@1.1.0 OK for: styled-components@6.1.12 want: 1.1.0
66 silly placeDep ROOT stylis@4.3.2 OK for: styled-components@6.1.12 want: 4.3.2
67 silly placeDep node_modules/styled-components tslib@2.6.2 OK for: styled-components@6.1.12 want: 2.6.2
68 silly fetch manifest @emotion/memoize@^0.8.1
69 silly packumentCache full:https://registry.yarnpkg.com/@emotion%2fmemoize cache-miss
70 silly fetch manifest camelize@^1.0.0
71 silly packumentCache full:https://registry.yarnpkg.com/camelize cache-miss
72 silly fetch manifest css-color-keywords@^1.0.0
73 silly packumentCache full:https://registry.yarnpkg.com/css-color-keywords cache-miss
74 http fetch GET 200 https://registry.yarnpkg.com/camelize 30ms (cache miss)
75 silly packumentCache full:https://registry.yarnpkg.com/camelize set size:undefined disposed:false
76 http fetch GET 200 https://registry.yarnpkg.com/css-color-keywords 47ms (cache miss)
77 silly packumentCache full:https://registry.yarnpkg.com/css-color-keywords set size:undefined disposed:false
78 http fetch GET 200 https://registry.yarnpkg.com/@emotion%2fmemoize 80ms (cache miss)
79 silly packumentCache full:https://registry.yarnpkg.com/@emotion%2fmemoize set size:undefined disposed:false
80 silly placeDep ROOT @emotion/memoize@0.8.1 OK for: @emotion/is-prop-valid@1.2.2 want: ^0.8.1
81 silly placeDep ROOT camelize@1.0.1 OK for: css-to-react-native@3.2.0 want: ^1.0.0
82 silly placeDep ROOT css-color-keywords@1.0.0 OK for: css-to-react-native@3.2.0 want: ^1.0.0
83 silly reify moves {}
84 silly audit bulk request {
84 silly audit   '@adobe/css-tools': [ '4.4.0' ],
84 silly audit   '@alloc/quick-lru': [ '5.2.0' ],
84 silly audit   '@ampproject/remapping': [ '2.3.0' ],
84 silly audit   '@babel/code-frame': [ '7.24.7' ],
84 silly audit   '@babel/compat-data': [ '7.24.8' ],
84 silly audit   '@babel/core': [ '7.24.8' ],
84 silly audit   semver: [ '6.3.1', '7.6.2' ],
84 silly audit   '@babel/eslint-parser': [ '7.24.8' ],
84 silly audit   'eslint-visitor-keys': [ '2.1.0', '3.4.3' ],
84 silly audit   '@babel/generator': [ '7.24.8' ],
84 silly audit   '@babel/helper-annotate-as-pure': [ '7.24.7' ],
84 silly audit   '@babel/helper-builder-binary-assignment-operator-visitor': [ '7.24.7' ],
84 silly audit   '@babel/helper-compilation-targets': [ '7.24.8' ],
84 silly audit   '@babel/helper-create-class-features-plugin': [ '7.24.8' ],
84 silly audit   '@babel/helper-create-regexp-features-plugin': [ '7.24.7' ],
84 silly audit   '@babel/helper-define-polyfill-provider': [ '0.6.2' ],
84 silly audit   '@babel/helper-environment-visitor': [ '7.24.7' ],
84 silly audit   '@babel/helper-function-name': [ '7.24.7' ],
84 silly audit   '@babel/helper-hoist-variables': [ '7.24.7' ],
84 silly audit   '@babel/helper-member-expression-to-functions': [ '7.24.8' ],
84 silly audit   '@babel/helper-module-imports': [ '7.24.7' ],
84 silly audit   '@babel/helper-module-transforms': [ '7.24.8' ],
84 silly audit   '@babel/helper-optimise-call-expression': [ '7.24.7' ],
84 silly audit   '@babel/helper-plugin-utils': [ '7.24.8' ],
84 silly audit   '@babel/helper-remap-async-to-generator': [ '7.24.7' ],
84 silly audit   '@babel/helper-replace-supers': [ '7.24.7' ],
84 silly audit   '@babel/helper-simple-access': [ '7.24.7' ],
84 silly audit   '@babel/helper-skip-transparent-expression-wrappers': [ '7.24.7' ],
84 silly audit   '@babel/helper-split-export-declaration': [ '7.24.7' ],
84 silly audit   '@babel/helper-string-parser': [ '7.24.8' ],
84 silly audit   '@babel/helper-validator-identifier': [ '7.24.7' ],
84 silly audit   '@babel/helper-validator-option': [ '7.24.8' ],
84 silly audit   '@babel/helper-wrap-function': [ '7.24.7' ],
84 silly audit   '@babel/helpers': [ '7.24.8' ],
84 silly audit   '@babel/highlight': [ '7.24.7' ],
84 silly audit   '@babel/parser': [ '7.24.8' ],
84 silly audit   '@babel/plugin-bugfix-firefox-class-in-computed-class-key': [ '7.24.7' ],
84 silly audit   '@babel/plugin-bugfix-safari-id-destructuring-collision-in-function-expression': [ '7.24.7' ],
84 silly audit   '@babel/plugin-bugfix-v8-spread-parameters-in-optional-chaining': [ '7.24.7' ],
84 silly audit   '@babel/plugin-bugfix-v8-static-class-fields-redefine-readonly': [ '7.24.7' ],
84 silly audit   '@babel/plugin-proposal-class-properties': [ '7.18.6' ],
84 silly audit   '@babel/plugin-proposal-decorators': [ '7.24.7' ],
84 silly audit   '@babel/plugin-proposal-nullish-coalescing-operator': [ '7.18.6' ],
84 silly audit   '@babel/plugin-proposal-numeric-separator': [ '7.18.6' ],
84 silly audit   '@babel/plugin-proposal-optional-chaining': [ '7.21.0' ],
84 silly audit   '@babel/plugin-proposal-private-methods': [ '7.18.6' ],
84 silly audit   '@babel/plugin-proposal-private-property-in-object': [ '7.21.0-placeholder-for-preset-env.2' ],
84 silly audit   '@babel/plugin-syntax-async-generators': [ '7.8.4' ],
84 silly audit   '@babel/plugin-syntax-bigint': [ '7.8.3' ],
84 silly audit   '@babel/plugin-syntax-class-properties': [ '7.12.13' ],
84 silly audit   '@babel/plugin-syntax-class-static-block': [ '7.14.5' ],
84 silly audit   '@babel/plugin-syntax-decorators': [ '7.24.7' ],
84 silly audit   '@babel/plugin-syntax-dynamic-import': [ '7.8.3' ],
84 silly audit   '@babel/plugin-syntax-export-namespace-from': [ '7.8.3' ],
84 silly audit   '@babel/plugin-syntax-flow': [ '7.24.7' ],
84 silly audit   '@babel/plugin-syntax-import-assertions': [ '7.24.7' ],
84 silly audit   '@babel/plugin-syntax-import-attributes': [ '7.24.7' ],
84 silly audit   '@babel/plugin-syntax-import-meta': [ '7.10.4' ],
84 silly audit   '@babel/plugin-syntax-json-strings': [ '7.8.3' ],
84 silly audit   '@babel/plugin-syntax-jsx': [ '7.24.7' ],
84 silly audit   '@babel/plugin-syntax-logical-assignment-operators': [ '7.10.4' ],
84 silly audit   '@babel/plugin-syntax-nullish-coalescing-operator': [ '7.8.3' ],
84 silly audit   '@babel/plugin-syntax-numeric-separator': [ '7.10.4' ],
84 silly audit   '@babel/plugin-syntax-object-rest-spread': [ '7.8.3' ],
84 silly audit   '@babel/plugin-syntax-optional-catch-binding': [ '7.8.3' ],
84 silly audit   '@babel/plugin-syntax-optional-chaining': [ '7.8.3' ],
84 silly audit   '@babel/plugin-syntax-private-property-in-object': [ '7.14.5' ],
84 silly audit   '@babel/plugin-syntax-top-level-await': [ '7.14.5' ],
84 silly audit   '@babel/plugin-syntax-typescript': [ '7.24.7' ],
84 silly audit   '@babel/plugin-syntax-unicode-sets-regex': [ '7.18.6' ],
84 silly audit   '@babel/plugin-transform-arrow-functions': [ '7.24.7' ],
84 silly audit   '@babel/plugin-transform-async-generator-functions': [ '7.24.7' ],
84 silly audit   '@babel/plugin-transform-async-to-generator': [ '7.24.7' ],
84 silly audit   '@babel/plugin-transform-block-scoped-functions': [ '7.24.7' ],
84 silly audit   '@babel/plugin-transform-block-scoping': [ '7.24.7' ],
84 silly audit   '@babel/plugin-transform-class-properties': [ '7.24.7' ],
84 silly audit   '@babel/plugin-transform-class-static-block': [ '7.24.7' ],
84 silly audit   '@babel/plugin-transform-classes': [ '7.24.8' ],
84 silly audit   '@babel/plugin-transform-computed-properties': [ '7.24.7' ],
84 silly audit   '@babel/plugin-transform-destructuring': [ '7.24.8' ],
84 silly audit   '@babel/plugin-transform-dotall-regex': [ '7.24.7' ],
84 silly audit   '@babel/plugin-transform-duplicate-keys': [ '7.24.7' ],
84 silly audit   '@babel/plugin-transform-dynamic-import': [ '7.24.7' ],
84 silly audit   '@babel/plugin-transform-exponentiation-operator': [ '7.24.7' ],
84 silly audit   '@babel/plugin-transform-export-namespace-from': [ '7.24.7' ],
84 silly audit   '@babel/plugin-transform-flow-strip-types': [ '7.24.7' ],
84 silly audit   '@babel/plugin-transform-for-of': [ '7.24.7' ],
84 silly audit   '@babel/plugin-transform-function-name': [ '7.24.7' ],
84 silly audit   '@babel/plugin-transform-json-strings': [ '7.24.7' ],
84 silly audit   '@babel/plugin-transform-literals': [ '7.24.7' ],
84 silly audit   '@babel/plugin-transform-logical-assignment-operators': [ '7.24.7' ],
84 silly audit   '@babel/plugin-transform-member-expression-literals': [ '7.24.7' ],
84 silly audit   '@babel/plugin-transform-modules-amd': [ '7.24.7' ],
84 silly audit   '@babel/plugin-transform-modules-commonjs': [ '7.24.8' ],
84 silly audit   '@babel/plugin-transform-modules-systemjs': [ '7.24.7' ],
84 silly audit   '@babel/plugin-transform-modules-umd': [ '7.24.7' ],
84 silly audit   '@babel/plugin-transform-named-capturing-groups-regex': [ '7.24.7' ],
84 silly audit   '@babel/plugin-transform-new-target': [ '7.24.7' ],
84 silly audit   '@babel/plugin-transform-nullish-coalescing-operator': [ '7.24.7' ],
84 silly audit   '@babel/plugin-transform-numeric-separator': [ '7.24.7' ],
84 silly audit   '@babel/plugin-transform-object-rest-spread': [ '7.24.7' ],
84 silly audit   '@babel/plugin-transform-object-super': [ '7.24.7' ],
84 silly audit   '@babel/plugin-transform-optional-catch-binding': [ '7.24.7' ],
84 silly audit   '@babel/plugin-transform-optional-chaining': [ '7.24.8' ],
84 silly audit   '@babel/plugin-transform-parameters': [ '7.24.7' ],
84 silly audit   '@babel/plugin-transform-private-methods': [ '7.24.7' ],
84 silly audit   '@babel/plugin-transform-private-property-in-object': [ '7.24.7' ],
84 silly audit   '@babel/plugin-transform-property-literals': [ '7.24.7' ],
84 silly audit   '@babel/plugin-transform-react-constant-elements': [ '7.24.7' ],
84 silly audit   '@babel/plugin-transform-react-display-name': [ '7.24.7' ],
84 silly audit   '@babel/plugin-transform-react-jsx': [ '7.24.7' ],
84 silly audit   '@babel/plugin-transform-react-jsx-development': [ '7.24.7' ],
84 silly audit   '@babel/plugin-transform-react-pure-annotations': [ '7.24.7' ],
84 silly audit   '@babel/plugin-transform-regenerator': [ '7.24.7' ],
84 silly audit   '@babel/plugin-transform-reserved-words': [ '7.24.7' ],
84 silly audit   '@babel/plugin-transform-runtime': [ '7.24.7' ],
84 silly audit   '@babel/plugin-transform-shorthand-properties': [ '7.24.7' ],
84 silly audit   '@babel/plugin-transform-spread': [ '7.24.7' ],
84 silly audit   '@babel/plugin-transform-sticky-regex': [ '7.24.7' ],
84 silly audit   '@babel/plugin-transform-template-literals': [ '7.24.7' ],
84 silly audit   '@babel/plugin-transform-typeof-symbol': [ '7.24.8' ],
84 silly audit   '@babel/plugin-transform-typescript': [ '7.24.8' ],
84 silly audit   '@babel/plugin-transform-unicode-escapes': [ '7.24.7' ],
84 silly audit   '@babel/plugin-transform-unicode-property-regex': [ '7.24.7' ],
84 silly audit   '@babel/plugin-transform-unicode-regex': [ '7.24.7' ],
84 silly audit   '@babel/plugin-transform-unicode-sets-regex': [ '7.24.7' ],
84 silly audit   '@babel/preset-env': [ '7.24.8' ],
84 silly audit   '@babel/preset-modules': [ '0.1.6-no-external-plugins' ],
84 silly audit   '@babel/preset-react': [ '7.24.7' ],
84 silly audit   '@babel/preset-typescript': [ '7.24.7' ],
84 silly audit   '@babel/regjsgen': [ '0.8.0' ],
84 silly audit   '@babel/runtime': [ '7.24.8' ],
84 silly audit   '@babel/template': [ '7.24.7' ],
84 silly audit   '@babel/traverse': [ '7.24.8' ],
84 silly audit   '@babel/types': [ '7.24.8' ],
84 silly audit   '@bcoe/v8-coverage': [ '0.2.3' ],
84 silly audit   '@csstools/normalize.css': [ '12.1.1' ],
84 silly audit   '@csstools/postcss-cascade-layers': [ '1.1.1' ],
84 silly audit   '@csstools/postcss-color-function': [ '1.1.1' ],
84 silly audit   '@csstools/postcss-font-format-keywords': [ '1.0.1' ],
84 silly audit   '@csstools/postcss-hwb-function': [ '1.0.2' ],
84 silly audit   '@csstools/postcss-ic-unit': [ '1.0.1' ],
84 silly audit   '@csstools/postcss-is-pseudo-class': [ '2.0.7' ],
84 silly audit   '@csstools/postcss-nested-calc': [ '1.0.0' ],
84 silly audit   '@csstools/postcss-normalize-display-values': [ '1.0.1' ],
84 silly audit   '@csstools/postcss-oklab-function': [ '1.1.1' ],
84 silly audit   '@csstools/postcss-progressive-custom-properties': [ '1.3.0' ],
84 silly audit   '@csstools/postcss-stepped-value-functions': [ '1.0.1' ],
84 silly audit   '@csstools/postcss-text-decoration-shorthand': [ '1.0.0' ],
84 silly audit   '@csstools/postcss-trigonometric-functions': [ '1.0.2' ],
84 silly audit   '@csstools/postcss-unset-value': [ '1.0.2' ],
84 silly audit   '@csstools/selector-specificity': [ '2.2.0' ],
84 silly audit   '@eslint-community/eslint-utils': [ '4.4.0' ],
84 silly audit   '@eslint-community/regexpp': [ '4.11.0' ],
84 silly audit   '@eslint/eslintrc': [ '2.1.4' ],
84 silly audit   argparse: [ '2.0.1', '1.0.10' ],
84 silly audit   globals: [ '13.24.0', '11.12.0' ],
84 silly audit   'js-yaml': [ '4.1.0', '3.14.1' ],
84 silly audit   'type-fest': [ '0.20.2', '0.16.0', '0.21.3' ],
84 silly audit   '@eslint/js': [ '8.57.0' ],
84 silly audit   '@humanwhocodes/config-array': [ '0.11.14' ],
84 silly audit   '@humanwhocodes/module-importer': [ '1.0.1' ],
84 silly audit   '@humanwhocodes/object-schema': [ '2.0.3' ],
84 silly audit   '@isaacs/cliui': [ '8.0.2' ],
84 silly audit   'ansi-regex': [ '6.0.1', '5.0.1' ],
84 silly audit   'ansi-styles': [ '6.2.1', '4.3.0', '5.2.0', '3.2.1' ],
84 silly audit   'string-width': [ '5.1.2', '4.2.3' ],
84 silly audit   'strip-ansi': [ '7.1.0', '6.0.1' ],
84 silly audit   'wrap-ansi': [ '8.1.0', '7.0.0' ],
84 silly audit   '@istanbuljs/load-nyc-config': [ '1.1.0' ],
84 silly audit   camelcase: [ '5.3.1', '6.3.0' ],
84 silly audit   '@istanbuljs/schema': [ '0.1.3' ],
84 silly audit   '@jest/console': [ '27.5.1', '28.1.3' ],
84 silly audit   chalk: [ '4.1.2', '3.0.0', '2.4.2' ],
84 silly audit   'color-convert': [ '2.0.1', '1.9.3' ],
84 silly audit   'color-name': [ '1.1.4', '1.1.3' ],
84 silly audit   'has-flag': [ '4.0.0', '3.0.0' ],
84 silly audit   'supports-color': [ '7.2.0', '8.1.1', '5.5.0' ],
84 silly audit   '@jest/core': [ '27.5.1' ],
84 silly audit   '@jest/environment': [ '27.5.1' ],
84 silly audit   '@jest/expect-utils': [ '29.7.0' ],
84 silly audit   'jest-get-type': [ '29.6.3', '27.5.1' ],
84 silly audit   '@jest/fake-timers': [ '27.5.1' ],
84 silly audit   '@jest/globals': [ '27.5.1' ],
84 silly audit   '@jest/reporters': [ '27.5.1' ],
84 silly audit   'source-map': [ '0.6.1', '0.7.4', '0.8.0-beta.0' ],
84 silly audit   '@jest/schemas': [ '28.1.3', '29.6.3' ],
84 silly audit   '@jest/source-map': [ '27.5.1' ],
84 silly audit   '@jest/test-result': [ '27.5.1', '28.1.3' ],
84 silly audit   '@jest/test-sequencer': [ '27.5.1' ],
84 silly audit   '@jest/transform': [ '27.5.1' ],
84 silly audit   'convert-source-map': [ '1.9.0', '2.0.0' ],
84 silly audit   '@jest/types': [ '27.5.1', '29.6.3', '28.1.3' ],
84 silly audit   '@jridgewell/gen-mapping': [ '0.3.5' ],
84 silly audit   '@jridgewell/resolve-uri': [ '3.1.2' ],
84 silly audit   '@jridgewell/set-array': [ '1.2.1' ],
84 silly audit   '@jridgewell/source-map': [ '0.3.6' ],
84 silly audit   '@jridgewell/sourcemap-codec': [ '1.5.0' ],
84 silly audit   '@jridgewell/trace-mapping': [ '0.3.25' ],
84 silly audit   '@leichtgewicht/ip-codec': [ '2.0.5' ],
84 silly audit   '@nicolo-ribaudo/eslint-scope-5-internals': [ '5.1.1-v1' ],
84 silly audit   'eslint-scope': [ '5.1.1', '7.2.2' ],
84 silly audit   estraverse: [ '4.3.0', '5.3.0' ],
84 silly audit   '@nodelib/fs.scandir': [ '2.1.5' ],
84 silly audit   '@nodelib/fs.stat': [ '2.0.5' ],
84 silly audit   '@nodelib/fs.walk': [ '1.2.8' ],
84 silly audit   '@pkgjs/parseargs': [ '0.11.0' ],
84 silly audit   '@pmmmwh/react-refresh-webpack-plugin': [ '0.5.15' ],
84 silly audit   '@react-dnd/asap': [ '5.0.2' ],
84 silly audit   '@react-dnd/invariant': [ '4.0.2' ],
84 silly audit   '@react-dnd/shallowequal': [ '4.0.2' ],
84 silly audit   '@remix-run/router': [ '1.18.0' ],
84 silly audit   '@rollup/plugin-babel': [ '5.3.1' ],
84 silly audit   '@rollup/plugin-node-resolve': [ '11.2.1' ],
84 silly audit   '@rollup/plugin-replace': [ '2.4.2' ],
84 silly audit   '@rollup/pluginutils': [ '3.1.0' ],
84 silly audit   '@types/estree': [ '0.0.39', '1.0.5' ],
84 silly audit   '@rushstack/eslint-patch': [ '1.10.3' ],
84 silly audit   '@sinclair/typebox': [ '0.24.51', '0.27.8' ],
84 silly audit   '@sinonjs/commons': [ '1.8.6' ],
84 silly audit   '@sinonjs/fake-timers': [ '8.1.0' ],
84 silly audit   '@surma/rollup-plugin-off-main-thread': [ '2.2.3' ],
84 silly audit   '@svgr/babel-plugin-add-jsx-attribute': [ '5.4.0' ],
84 silly audit   '@svgr/babel-plugin-remove-jsx-attribute': [ '5.4.0' ],
84 silly audit   '@svgr/babel-plugin-remove-jsx-empty-expression': [ '5.0.1' ],
84 silly audit   '@svgr/babel-plugin-replace-jsx-attribute-value': [ '5.0.1' ],
84 silly audit   '@svgr/babel-plugin-svg-dynamic-title': [ '5.4.0' ],
84 silly audit   '@svgr/babel-plugin-svg-em-dimensions': [ '5.4.0' ],
84 silly audit   '@svgr/babel-plugin-transform-react-native-svg': [ '5.4.0' ],
84 silly audit   '@svgr/babel-plugin-transform-svg-component': [ '5.5.0' ],
84 silly audit   '@svgr/babel-preset': [ '5.5.0' ],
84 silly audit   '@svgr/core': [ '5.5.0' ],
84 silly audit   '@svgr/hast-util-to-babel-ast': [ '5.5.0' ],
84 silly audit   '@svgr/plugin-jsx': [ '5.5.0' ],
84 silly audit   '@svgr/plugin-svgo': [ '5.5.0' ],
84 silly audit   '@svgr/webpack': [ '5.5.0' ],
84 silly audit   '@testing-library/dom': [ '10.3.1', '8.20.1' ],
84 silly audit   'aria-query': [ '5.3.0', '5.1.3' ],
84 silly audit   '@testing-library/jest-dom': [ '5.17.0' ],
84 silly audit   '@testing-library/react': [ '13.4.0' ],
84 silly audit   '@testing-library/user-event': [ '13.5.0' ],
84 silly audit   '@tootallnate/once': [ '1.1.2' ],
84 silly audit   '@trysound/sax': [ '0.2.0' ],
84 silly audit   '@types/aria-query': [ '5.0.4' ],
84 silly audit   '@types/babel__core': [ '7.20.5' ],
84 silly audit   '@types/babel__generator': [ '7.6.8' ],
84 silly audit   '@types/babel__template': [ '7.4.4' ],
84 silly audit   '@types/babel__traverse': [ '7.20.6' ],
84 silly audit   '@types/body-parser': [ '1.19.5' ],
84 silly audit   '@types/bonjour': [ '3.5.13' ],
84 silly audit   '@types/connect': [ '3.4.38' ],
84 silly audit   '@types/connect-history-api-fallback': [ '1.5.4' ],
84 silly audit   '@types/eslint': [ '8.56.10' ],
84 silly audit   '@types/eslint-scope': [ '3.7.7' ],
84 silly audit   '@types/express': [ '4.17.21' ],
84 silly audit   '@types/express-serve-static-core': [ '4.19.5' ],
84 silly audit   '@types/graceful-fs': [ '4.1.9' ],
84 silly audit   '@types/html-minifier-terser': [ '6.1.0' ],
84 silly audit   '@types/http-errors': [ '2.0.4' ],
84 silly audit   '@types/http-proxy': [ '1.17.14' ],
84 silly audit   '@types/istanbul-lib-coverage': [ '2.0.6' ],
84 silly audit   '@types/istanbul-lib-report': [ '3.0.3' ],
84 silly audit   '@types/istanbul-reports': [ '3.0.4' ],
84 silly audit   '@types/jest': [ '29.5.12' ],
84 silly audit   '@types/yargs': [ '17.0.32', '16.0.9' ],
84 silly audit   'diff-sequences': [ '29.6.3', '27.5.1' ],
84 silly audit   expect: [ '29.7.0', '27.5.1' ],
84 silly audit   'jest-diff': [ '29.7.0', '27.5.1' ],
84 silly audit   'jest-matcher-utils': [ '29.7.0', '27.5.1' ],
84 silly audit   'jest-message-util': [ '29.7.0', '27.5.1', '28.1.3' ],
84 silly audit   'jest-util': [ '29.7.0', '27.5.1', '28.1.3' ],
84 silly audit   'pretty-format': [ '29.7.0', '28.1.3', '27.5.1' ],
84 silly audit   'react-is': [ '18.3.1', '16.13.1', '17.0.2' ],
84 silly audit   '@types/json-schema': [ '7.0.15' ],
84 silly audit   '@types/json5': [ '0.0.29' ],
84 silly audit   '@types/mime': [ '1.3.5' ],
84 silly audit   '@types/node': [ '20.14.10' ],
84 silly audit   '@types/node-forge': [ '1.3.11' ],
84 silly audit   '@types/parse-json': [ '4.0.2' ],
84 silly audit   '@types/prettier': [ '2.7.3' ],
84 silly audit   '@types/prop-types': [ '15.7.12' ],
84 silly audit   '@types/q': [ '1.5.8' ],
84 silly audit   '@types/qs': [ '6.9.15' ],
84 silly audit   '@types/range-parser': [ '1.2.7' ],
84 silly audit   '@types/react': [ '18.3.3' ],
84 silly audit   '@types/react-dom': [ '18.3.0' ],
84 silly audit   '@types/resolve': [ '1.17.1' ],
84 silly audit   '@types/retry': [ '0.12.0' ],
84 silly audit   '@types/semver': [ '7.5.8' ],
84 silly audit   '@types/send': [ '0.17.4' ],
84 silly audit   '@types/serve-index': [ '1.9.4' ],
84 silly audit   '@types/serve-static': [ '1.15.7' ],
84 silly audit   '@types/sockjs': [ '0.3.36' ],
84 silly audit   '@types/stack-utils': [ '2.0.3' ],
84 silly audit   '@types/testing-library__jest-dom': [ '5.14.9' ],
84 silly audit   '@types/trusted-types': [ '2.0.7' ],
84 silly audit   '@types/ws': [ '8.5.11' ],
84 silly audit   '@types/yargs-parser': [ '21.0.3' ],
84 silly audit   '@typescript-eslint/eslint-plugin': [ '5.62.0' ],
84 silly audit   '@typescript-eslint/experimental-utils': [ '5.62.0' ],
84 silly audit   '@typescript-eslint/parser': [ '5.62.0' ],
84 silly audit   '@typescript-eslint/scope-manager': [ '5.62.0' ],
84 silly audit   '@typescript-eslint/type-utils': [ '5.62.0' ],
84 silly audit   '@typescript-eslint/types': [ '5.62.0' ],
84 silly audit   '@typescript-eslint/typescript-estree': [ '5.62.0' ],
84 silly audit   '@typescript-eslint/utils': [ '5.62.0' ],
84 silly audit   '@typescript-eslint/visitor-keys': [ '5.62.0' ],
84 silly audit   '@ungap/structured-clone': [ '1.2.0' ],
84 silly audit   '@webassemblyjs/ast': [ '1.12.1' ],
84 silly audit   '@webassemblyjs/floating-point-hex-parser': [ '1.11.6' ],
84 silly audit   '@webassemblyjs/helper-api-error': [ '1.11.6' ],
84 silly audit   '@webassemblyjs/helper-buffer': [ '1.12.1' ],
84 silly audit   '@webassemblyjs/helper-numbers': [ '1.11.6' ],
84 silly audit   '@webassemblyjs/helper-wasm-bytecode': [ '1.11.6' ],
84 silly audit   '@webassemblyjs/helper-wasm-section': [ '1.12.1' ],
84 silly audit   '@webassemblyjs/ieee754': [ '1.11.6' ],
84 silly audit   '@webassemblyjs/leb128': [ '1.11.6' ],
84 silly audit   '@webassemblyjs/utf8': [ '1.11.6' ],
84 silly audit   '@webassemblyjs/wasm-edit': [ '1.12.1' ],
84 silly audit   '@webassemblyjs/wasm-gen': [ '1.12.1' ],
84 silly audit   '@webassemblyjs/wasm-opt': [ '1.12.1' ],
84 silly audit   '@webassemblyjs/wasm-parser': [ '1.12.1' ],
84 silly audit   '@webassemblyjs/wast-printer': [ '1.12.1' ],
84 silly audit   '@xtuc/ieee754': [ '1.2.0' ],
84 silly audit   '@xtuc/long': [ '4.2.2' ],
84 silly audit   abab: [ '2.0.6' ],
84 silly audit   accepts: [ '1.3.8' ],
84 silly audit   acorn: [ '8.12.1', '7.4.1' ],
84 silly audit   'acorn-globals': [ '6.0.0' ],
84 silly audit   'acorn-import-attributes': [ '1.9.5' ],
84 silly audit   'acorn-jsx': [ '5.3.2' ],
84 silly audit   'acorn-walk': [ '7.2.0' ],
84 silly audit   address: [ '1.2.2' ],
84 silly audit   'adjust-sourcemap-loader': [ '4.0.0' ],
84 silly audit   'agent-base': [ '6.0.2' ],
84 silly audit   ajv: [ '6.12.6', '8.17.1' ],
84 silly audit   'ajv-formats': [ '2.1.1' ],
84 silly audit   'json-schema-traverse': [ '1.0.0', '0.4.1' ],
84 silly audit   'ajv-keywords': [ '3.5.2', '5.1.0' ],
84 silly audit   'ansi-escapes': [ '4.3.2' ],
84 silly audit   'ansi-html': [ '0.0.9' ],
84 silly audit   'ansi-html-community': [ '0.0.8' ],
84 silly audit   'any-promise': [ '1.3.0' ],
84 silly audit   anymatch: [ '3.1.3' ],
84 silly audit   arg: [ '5.0.2' ],
84 silly audit   'array-buffer-byte-length': [ '1.0.1' ],
84 silly audit   'array-flatten': [ '1.1.1' ],
84 silly audit   'array-includes': [ '3.1.8' ],
84 silly audit   'array-union': [ '2.1.0' ],
84 silly audit   'array.prototype.findlast': [ '1.2.5' ],
84 silly audit   'array.prototype.findlastindex': [ '1.2.5' ],
84 silly audit   'array.prototype.flat': [ '1.3.2' ],
84 silly audit   'array.prototype.flatmap': [ '1.3.2' ],
84 silly audit   'array.prototype.reduce': [ '1.0.7' ],
84 silly audit   'array.prototype.toreversed': [ '1.1.2' ],
84 silly audit   'array.prototype.tosorted': [ '1.1.4' ],
84 silly audit   'arraybuffer.prototype.slice': [ '1.0.3' ],
84 silly audit   asap: [ '2.0.6' ],
84 silly audit   'ast-types-flow': [ '0.0.8' ],
84 silly audit   async: [ '3.2.5' ],
84 silly audit   asynckit: [ '0.4.0' ],
84 silly audit   'at-least-node': [ '1.0.0' ],
84 silly audit   autoprefixer: [ '10.4.19' ],
84 silly audit   'available-typed-arrays': [ '1.0.7' ],
84 silly audit   'axe-core': [ '4.9.1' ],
84 silly audit   axios: [ '1.7.2' ],
84 silly audit   'form-data': [ '4.0.0', '3.0.1' ],
84 silly audit   'axobject-query': [ '3.1.1' ],
84 silly audit   'babel-jest': [ '27.5.1' ],
84 silly audit   'babel-loader': [ '8.3.0' ],
84 silly audit   'schema-utils': [ '2.7.1', '3.3.0', '2.7.0', '4.2.0' ],
84 silly audit   'babel-plugin-istanbul': [ '6.1.1' ],
84 silly audit   'babel-plugin-jest-hoist': [ '27.5.1' ],
84 silly audit   'babel-plugin-macros': [ '3.1.0' ],
84 silly audit   'babel-plugin-named-asset-import': [ '0.3.8' ],
84 silly audit   'babel-plugin-polyfill-corejs2': [ '0.4.11' ],
84 silly audit   'babel-plugin-polyfill-corejs3': [ '0.10.4' ],
84 silly audit   'babel-plugin-polyfill-regenerator': [ '0.6.2' ],
84 silly audit   'babel-plugin-transform-react-remove-prop-types': [ '0.4.24' ],
84 silly audit   'babel-preset-current-node-syntax': [ '1.0.1' ],
84 silly audit   'babel-preset-jest': [ '27.5.1' ],
84 silly audit   'babel-preset-react-app': [ '10.0.1' ],
84 silly audit   'balanced-match': [ '1.0.2' ],
84 silly audit   batch: [ '0.6.1' ],
84 silly audit   bfj: [ '7.1.0' ],
84 silly audit   'big.js': [ '5.2.2' ],
84 silly audit   'binary-extensions': [ '2.3.0' ],
84 silly audit   bluebird: [ '3.7.2' ],
84 silly audit   'body-parser': [ '1.20.2' ],
84 silly audit   bytes: [ '3.1.2', '3.0.0' ],
84 silly audit   debug: [ '2.6.9', '4.3.5', '3.2.7' ],
84 silly audit   'iconv-lite': [ '0.4.24', '0.6.3' ],
84 silly audit   ms: [ '2.0.0', '2.1.2', '2.1.3' ],
84 silly audit   'bonjour-service': [ '1.2.1' ],
84 silly audit   boolbase: [ '1.0.0' ],
84 silly audit   'brace-expansion': [ '1.1.11', '2.0.1' ],
84 silly audit   braces: [ '3.0.3' ],
84 silly audit   'browser-process-hrtime': [ '1.0.0' ],
84 silly audit   browserslist: [ '4.23.2' ],
84 silly audit   bser: [ '2.1.1' ],
84 silly audit   'buffer-from': [ '1.1.2' ],
84 silly audit   'builtin-modules': [ '3.3.0' ],
84 silly audit   'call-bind': [ '1.0.7' ],
84 silly audit   callsites: [ '3.1.0' ],
84 silly audit   'camel-case': [ '4.1.2' ],
84 silly audit   'camelcase-css': [ '2.0.1' ],
84 silly audit   'caniuse-api': [ '3.0.0' ],
84 silly audit   'caniuse-lite': [ '1.0.30001642' ],
84 silly audit   'case-sensitive-paths-webpack-plugin': [ '2.4.0' ],
84 silly audit   'char-regex': [ '1.0.2', '2.0.1' ],
84 silly audit   'check-types': [ '11.2.3' ],
84 silly audit   chokidar: [ '3.6.0' ],
84 silly audit   'glob-parent': [ '5.1.2', '6.0.2' ],
84 silly audit   'chrome-trace-event': [ '1.0.4' ],
84 silly audit   'ci-info': [ '3.9.0' ],
84 silly audit   'cjs-module-lexer': [ '1.3.1' ],
84 silly audit   'clean-css': [ '5.3.3' ],
84 silly audit   cliui: [ '7.0.4' ],
84 silly audit   co: [ '4.6.0' ],
84 silly audit   coa: [ '2.0.2' ],
84 silly audit   'collect-v8-coverage': [ '1.0.2' ],
84 silly audit   colord: [ '2.9.3' ],
84 silly audit   colorette: [ '2.0.20' ],
84 silly audit   'combined-stream': [ '1.0.8' ],
84 silly audit   commander: [ '8.3.0', '7.2.0', '4.1.1', '2.20.3' ],
84 silly audit   'common-tags': [ '1.8.2' ],
84 silly audit   commondir: [ '1.0.1' ],
84 silly audit   compressible: [ '2.0.18' ],
84 silly audit   compression: [ '1.7.4' ],
84 silly audit   'safe-buffer': [ '5.1.2', '5.2.1' ],
84 silly audit   'concat-map': [ '0.0.1' ],
84 silly audit   'confusing-browser-globals': [ '1.0.11' ],
84 silly audit   'connect-history-api-fallback': [ '2.0.0' ],
84 silly audit   'content-disposition': [ '0.5.4' ],
84 silly audit   'content-type': [ '1.0.5' ],
84 silly audit   cookie: [ '0.6.0' ],
84 silly audit   'cookie-signature': [ '1.0.6' ],
84 silly audit   'core-js': [ '3.37.1' ],
84 silly audit   'core-js-compat': [ '3.37.1' ],
84 silly audit   'core-js-pure': [ '3.37.1' ],
84 silly audit   'core-util-is': [ '1.0.3' ],
84 silly audit   cosmiconfig: [ '7.1.0', '6.0.0' ],
84 silly audit   'cross-spawn': [ '7.0.3' ],
84 silly audit   'crypto-random-string': [ '2.0.0' ],
84 silly audit   'css-blank-pseudo': [ '3.0.3' ],
84 silly audit   'css-declaration-sorter': [ '6.4.1' ],
84 silly audit   'css-has-pseudo': [ '3.0.4' ],
84 silly audit   'css-loader': [ '6.11.0' ],
84 silly audit   'css-minimizer-webpack-plugin': [ '3.4.1' ],
84 silly audit   'css-prefers-color-scheme': [ '6.0.3' ],
84 silly audit   'css-select': [ '4.3.0', '2.1.0' ],
84 silly audit   'css-select-base-adapter': [ '0.1.1' ],
84 silly audit   'css-tree': [ '1.0.0-alpha.37', '1.1.3' ],
84 silly audit   'css-what': [ '6.1.0', '3.4.2' ],
84 silly audit   'css.escape': [ '1.5.1' ],
84 silly audit   cssdb: [ '7.11.2' ],
84 silly audit   cssesc: [ '3.0.0' ],
84 silly audit   cssnano: [ '5.1.15' ],
84 silly audit   'cssnano-preset-default': [ '5.2.14' ],
84 silly audit   'cssnano-utils': [ '3.1.0' ],
84 silly audit   csso: [ '4.2.0' ],
84 silly audit   'mdn-data': [ '2.0.14', '2.0.4' ],
84 silly audit   cssom: [ '0.4.4', '0.3.8' ],
84 silly audit   cssstyle: [ '2.3.0' ],
84 silly audit   csstype: [ '3.1.3' ],
84 silly audit   'damerau-levenshtein': [ '1.0.8' ],
84 silly audit   'data-urls': [ '2.0.0' ],
84 silly audit   'data-view-buffer': [ '1.0.1' ],
84 silly audit   'data-view-byte-length': [ '1.0.1' ],
84 silly audit   'data-view-byte-offset': [ '1.0.0' ],
84 silly audit   'decimal.js': [ '10.4.3' ],
84 silly audit   dedent: [ '0.7.0' ],
84 silly audit   'deep-equal': [ '2.2.3' ],
84 silly audit   'deep-is': [ '0.1.4' ],
84 silly audit   deepmerge: [ '4.3.1' ],
84 silly audit   'default-gateway': [ '6.0.3' ],
84 silly audit   'define-data-property': [ '1.1.4' ],
84 silly audit   'define-lazy-prop': [ '2.0.0' ],
84 silly audit   'define-properties': [ '1.2.1' ],
84 silly audit   'delayed-stream': [ '1.0.0' ],
84 silly audit   depd: [ '2.0.0', '1.1.2' ],
84 silly audit   dequal: [ '2.0.3' ],
84 silly audit   destroy: [ '1.2.0' ],
84 silly audit   'detect-newline': [ '3.1.0' ],
84 silly audit   'detect-node': [ '2.1.0' ],
84 silly audit   'detect-port-alt': [ '1.1.6' ],
84 silly audit   didyoumean: [ '1.2.2' ],
84 silly audit   'dir-glob': [ '3.0.1' ],
84 silly audit   dlv: [ '1.1.3' ],
84 silly audit   'dnd-core': [ '16.0.1' ],
84 silly audit   'dns-packet': [ '5.6.1' ],
84 silly audit   doctrine: [ '3.0.0', '2.1.0' ],
84 silly audit   'dom-accessibility-api': [ '0.5.16' ],
84 silly audit   'dom-converter': [ '0.2.0' ],
84 silly audit   'dom-serializer': [ '1.4.1', '0.2.2' ],
84 silly audit   domelementtype: [ '2.3.0', '1.3.1' ],
84 silly audit   domexception: [ '2.0.1' ],
84 silly audit   'webidl-conversions': [ '5.0.0', '6.1.0', '4.0.2' ],
84 silly audit   domhandler: [ '4.3.1' ],
84 silly audit   domutils: [ '2.8.0', '1.7.0' ],
84 silly audit   'dot-case': [ '3.0.4' ],
84 silly audit   dotenv: [ '10.0.0' ],
84 silly audit   'dotenv-expand': [ '5.1.0' ],
84 silly audit   duplexer: [ '0.1.2' ],
84 silly audit   eastasianwidth: [ '0.2.0' ],
84 silly audit   'ee-first': [ '1.1.1' ],
84 silly audit   ejs: [ '3.1.10' ],
84 silly audit   'electron-to-chromium': [ '1.4.827' ],
84 silly audit   emittery: [ '0.8.1', '0.10.2' ],
84 silly audit   'emoji-regex': [ '9.2.2', '8.0.0' ],
84 silly audit   'emojis-list': [ '3.0.0' ],
84 silly audit   encodeurl: [ '1.0.2' ],
84 silly audit   'enhanced-resolve': [ '5.17.0' ],
84 silly audit   entities: [ '2.2.0' ],
84 silly audit   'error-ex': [ '1.3.2' ],
84 silly audit   'error-stack-parser': [ '2.1.4' ],
84 silly audit   'es-abstract': [ '1.23.3' ],
84 silly audit   'es-array-method-boxes-properly': [ '1.0.0' ],
84 silly audit   'es-define-property': [ '1.0.0' ],
84 silly audit   'es-errors': [ '1.3.0' ],
84 silly audit   'es-get-iterator': [ '1.1.3' ],
84 silly audit   'es-iterator-helpers': [ '1.0.19' ],
84 silly audit   'es-module-lexer': [ '1.5.4' ],
84 silly audit   'es-object-atoms': [ '1.0.0' ],
84 silly audit   'es-set-tostringtag': [ '2.0.3' ],
84 silly audit   'es-shim-unscopables': [ '1.0.2' ],
84 silly audit   'es-to-primitive': [ '1.2.1' ],
84 silly audit   escalade: [ '3.1.2' ],
84 silly audit   'escape-html': [ '1.0.3' ],
84 silly audit   'escape-string-regexp': [ '1.0.5', '4.0.0', '2.0.0' ],
84 silly audit   escodegen: [ '2.1.0', '1.14.3' ],
84 silly audit   eslint: [ '8.57.0' ],
84 silly audit   'eslint-config-react-app': [ '7.0.1' ],
84 silly audit   'eslint-import-resolver-node': [ '0.3.9' ],
84 silly audit   'eslint-module-utils': [ '2.8.1' ],
84 silly audit   'eslint-plugin-flowtype': [ '8.0.3' ],
84 silly audit   'eslint-plugin-import': [ '2.29.1' ],
84 silly audit   'eslint-plugin-jest': [ '25.7.0' ],
84 silly audit   'eslint-plugin-jsx-a11y': [ '6.9.0' ],
84 silly audit   'eslint-plugin-react': [ '7.34.4' ],
84 silly audit   'eslint-plugin-react-hooks': [ '4.6.2' ],
84 silly audit   resolve: [ '2.0.0-next.5', '1.22.8' ],
84 silly audit   'eslint-plugin-testing-library': [ '5.11.1' ],
84 silly audit   'eslint-webpack-plugin': [ '3.2.0' ],
84 silly audit   'jest-worker': [ '28.1.3', '27.5.1', '26.6.2' ],
84 silly audit   'find-up': [ '5.0.0', '4.1.0', '3.0.0' ],
84 silly audit   'locate-path': [ '6.0.0', '5.0.0', '3.0.0' ],
84 silly audit   'p-limit': [ '3.1.0', '2.3.0' ],
84 silly audit   'p-locate': [ '5.0.0', '4.1.0', '3.0.0' ],
84 silly audit   espree: [ '9.6.1' ],
84 silly audit   esprima: [ '4.0.1', '1.2.2' ],
84 silly audit   esquery: [ '1.6.0' ],
84 silly audit   esrecurse: [ '4.3.0' ],
84 silly audit   'estree-walker': [ '1.0.1' ],
84 silly audit   esutils: [ '2.0.3' ],
84 silly audit   etag: [ '1.8.1' ],
84 silly audit   eventemitter3: [ '4.0.7' ],
84 silly audit   events: [ '3.3.0' ],
84 silly audit   execa: [ '5.1.1' ],
84 silly audit   exit: [ '0.1.2' ],
84 silly audit   express: [ '4.19.2' ],
84 silly audit   'fast-deep-equal': [ '3.1.3' ],
84 silly audit   'fast-glob': [ '3.3.2' ],
84 silly audit   'fast-json-stable-stringify': [ '2.1.0' ],
84 silly audit   'fast-levenshtein': [ '2.0.6' ],
84 silly audit   'fast-uri': [ '3.0.1' ],
84 silly audit   fastq: [ '1.17.1' ],
84 silly audit   'faye-websocket': [ '0.11.4' ],
84 silly audit   'fb-watchman': [ '2.0.2' ],
84 silly audit   'file-entry-cache': [ '6.0.1' ],
84 silly audit   'file-loader': [ '6.2.0' ],
84 silly audit   filelist: [ '1.0.4' ],
84 silly audit   minimatch: [ '5.1.6', '3.1.2', '9.0.5' ],
84 silly audit   filesize: [ '8.0.7' ],
84 silly audit   'fill-range': [ '7.1.1' ],
84 silly audit   finalhandler: [ '1.2.0' ],
84 silly audit   'find-cache-dir': [ '3.3.2' ],
84 silly audit   'flat-cache': [ '3.2.0' ],
84 silly audit   flatted: [ '3.3.1' ],
84 silly audit   'follow-redirects': [ '1.15.6' ],
84 silly audit   'for-each': [ '0.3.3' ],
84 silly audit   'foreground-child': [ '3.2.1' ],
84 silly audit   'signal-exit': [ '4.1.0', '3.0.7' ],
84 silly audit   'fork-ts-checker-webpack-plugin': [ '6.5.3' ],
84 silly audit   'fs-extra': [ '9.1.0', '10.1.0' ],
84 silly audit   tapable: [ '1.1.3', '2.2.1' ],
84 silly audit   forwarded: [ '0.2.0' ],
84 silly audit   'fraction.js': [ '4.3.7' ],
84 silly audit   'framer-motion': [ '11.3.24' ],
84 silly audit   fresh: [ '0.5.2' ],
84 silly audit   'fs-monkey': [ '1.0.6' ],
84 silly audit   'fs.realpath': [ '1.0.0' ],
84 silly audit   fsevents: [ '2.3.3' ],
84 silly audit   'function-bind': [ '1.1.2' ],
84 silly audit   'function.prototype.name': [ '1.1.6' ],
84 silly audit   'functions-have-names': [ '1.2.3' ],
84 silly audit   gensync: [ '1.0.0-beta.2' ],
84 silly audit   'get-caller-file': [ '2.0.5' ],
84 silly audit   'get-intrinsic': [ '1.2.4' ],
84 silly audit   'get-own-enumerable-property-symbols': [ '3.0.2' ],
84 silly audit   'get-package-type': [ '0.1.0' ],
84 silly audit   'get-stream': [ '6.0.1' ],
84 silly audit   'get-symbol-description': [ '1.0.2' ],
84 silly audit   glob: [ '7.2.3', '10.4.5' ],
84 silly audit   'glob-to-regexp': [ '0.4.1' ],
84 silly audit   'global-modules': [ '2.0.0' ],
84 silly audit   'global-prefix': [ '3.0.0' ],
84 silly audit   which: [ '1.3.1', '2.0.2' ],
84 silly audit   globalthis: [ '1.0.4' ],
84 silly audit   globby: [ '11.1.0' ],
84 silly audit   gopd: [ '1.0.1' ],
84 silly audit   'graceful-fs': [ '4.2.11' ],
84 silly audit   graphemer: [ '1.4.0' ],
84 silly audit   'gzip-size': [ '6.0.0' ],
84 silly audit   'handle-thing': [ '2.0.1' ],
84 silly audit   'harmony-reflect': [ '1.6.2' ],
84 silly audit   'has-bigints': [ '1.0.2' ],
84 silly audit   'has-property-descriptors': [ '1.0.2' ],
84 silly audit   'has-proto': [ '1.0.3' ],
84 silly audit   'has-symbols': [ '1.0.3' ],
84 silly audit   'has-tostringtag': [ '1.0.2' ],
84 silly audit   hasown: [ '2.0.2' ],
84 silly audit   he: [ '1.2.0' ],
84 silly audit   'hoist-non-react-statics': [ '3.3.2' ],
84 silly audit   hoopy: [ '0.1.4' ],
84 silly audit   'hpack.js': [ '2.1.6' ],
84 silly audit   isarray: [ '1.0.0', '2.0.5' ],
84 silly audit   'readable-stream': [ '2.3.8', '3.6.2' ],
84 silly audit   string_decoder: [ '1.1.1', '1.3.0' ],
84 silly audit   'html-encoding-sniffer': [ '2.0.1' ],
84 silly audit   'html-entities': [ '2.5.2' ],
84 silly audit   'html-escaper': [ '2.0.2' ],
84 silly audit   'html-minifier-terser': [ '6.1.0' ],
84 silly audit   'html-webpack-plugin': [ '5.6.0' ],
84 silly audit   htmlparser2: [ '6.1.0' ],
84 silly audit   'http-deceiver': [ '1.2.7' ],
84 silly audit   'http-errors': [ '2.0.0', '1.6.3' ],
84 silly audit   'http-parser-js': [ '0.5.8' ],
84 silly audit   'http-proxy': [ '1.18.1' ],
84 silly audit   'http-proxy-agent': [ '4.0.1' ],
84 silly audit   'http-proxy-middleware': [ '2.0.6' ],
84 silly audit   'https-proxy-agent': [ '5.0.1' ],
84 silly audit   'human-signals': [ '2.1.0' ],
84 silly audit   'icss-utils': [ '5.1.0' ],
84 silly audit   idb: [ '7.1.1' ],
84 silly audit   'identity-obj-proxy': [ '3.0.0' ],
84 silly audit   ignore: [ '5.3.1' ],
84 silly audit   immer: [ '9.0.21' ],
84 silly audit   'import-fresh': [ '3.3.0' ],
84 silly audit   'resolve-from': [ '4.0.0', '5.0.0' ],
84 silly audit   'import-local': [ '3.1.0' ],
84 silly audit   imurmurhash: [ '0.1.4' ],
84 silly audit   'indent-string': [ '4.0.0' ],
84 silly audit   inflight: [ '1.0.6' ],
84 silly audit   inherits: [ '2.0.4', '2.0.3' ],
84 silly audit   ini: [ '1.3.8' ],
84 silly audit   'internal-slot': [ '1.0.7' ],
84 silly audit   'ipaddr.js': [ '2.2.0', '1.9.1' ],
84 silly audit   'is-arguments': [ '1.1.1' ],
84 silly audit   'is-array-buffer': [ '3.0.4' ],
84 silly audit   'is-arrayish': [ '0.2.1' ],
84 silly audit   'is-async-function': [ '2.0.0' ],
84 silly audit   'is-bigint': [ '1.0.4' ],
84 silly audit   'is-binary-path': [ '2.1.0' ],
84 silly audit   'is-boolean-object': [ '1.1.2' ],
84 silly audit   'is-callable': [ '1.2.7' ],
84 silly audit   'is-core-module': [ '2.14.0' ],
84 silly audit   'is-data-view': [ '1.0.1' ],
84 silly audit   'is-date-object': [ '1.0.5' ],
84 silly audit   'is-docker': [ '2.2.1' ],
84 silly audit   'is-extglob': [ '2.1.1' ],
84 silly audit   'is-finalizationregistry': [ '1.0.2' ],
84 silly audit   'is-fullwidth-code-point': [ '3.0.0' ],
84 silly audit   'is-generator-fn': [ '2.1.0' ],
84 silly audit   'is-generator-function': [ '1.0.10' ],
84 silly audit   'is-glob': [ '4.0.3' ],
84 silly audit   'is-map': [ '2.0.3' ],
84 silly audit   'is-module': [ '1.0.0' ],
84 silly audit   'is-negative-zero': [ '2.0.3' ],
84 silly audit   'is-number': [ '7.0.0' ],
84 silly audit   'is-number-object': [ '1.0.7' ],
84 silly audit   'is-obj': [ '1.0.1' ],
84 silly audit   'is-path-inside': [ '3.0.3' ],
84 silly audit   'is-plain-obj': [ '3.0.0' ],
84 silly audit   'is-potential-custom-element-name': [ '1.0.1' ],
84 silly audit   'is-regex': [ '1.1.4' ],
84 silly audit   'is-regexp': [ '1.0.0' ],
84 silly audit   'is-root': [ '2.1.0' ],
84 silly audit   'is-set': [ '2.0.3' ],
84 silly audit   'is-shared-array-buffer': [ '1.0.3' ],
84 silly audit   'is-stream': [ '2.0.1' ],
84 silly audit   'is-string': [ '1.0.7' ],
84 silly audit   'is-symbol': [ '1.0.4' ],
84 silly audit   'is-typed-array': [ '1.1.13' ],
84 silly audit   'is-typedarray': [ '1.0.0' ],
84 silly audit   'is-weakmap': [ '2.0.2' ],
84 silly audit   'is-weakref': [ '1.0.2' ],
84 silly audit   'is-weakset': [ '2.0.3' ],
84 silly audit   'is-wsl': [ '2.2.0' ],
84 silly audit   isexe: [ '2.0.0' ],
84 silly audit   'istanbul-lib-coverage': [ '3.2.2' ],
84 silly audit   'istanbul-lib-instrument': [ '5.2.1' ],
84 silly audit   'istanbul-lib-report': [ '3.0.1' ],
84 silly audit   'make-dir': [ '4.0.0', '3.1.0' ],
84 silly audit   'istanbul-lib-source-maps': [ '4.0.1' ],
84 silly audit   'istanbul-reports': [ '3.1.7' ],
84 silly audit   'iterator.prototype': [ '1.1.2' ],
84 silly audit   jackspeak: [ '3.4.3' ],
84 silly audit   jake: [ '10.9.1' ],
84 silly audit   jest: [ '27.5.1' ],
84 silly audit   'jest-changed-files': [ '27.5.1' ],
84 silly audit   'jest-circus': [ '27.5.1' ],
84 silly audit   'jest-cli': [ '27.5.1' ],
84 silly audit   'jest-config': [ '27.5.1' ],
84 silly audit   'jest-docblock': [ '27.5.1' ],
84 silly audit   'jest-each': [ '27.5.1' ],
84 silly audit   'jest-environment-jsdom': [ '27.5.1' ],
84 silly audit   'jest-environment-node': [ '27.5.1' ],
84 silly audit   'jest-haste-map': [ '27.5.1' ],
84 silly audit   'jest-jasmine2': [ '27.5.1' ],
84 silly audit   'jest-leak-detector': [ '27.5.1' ],
84 silly audit   'jest-mock': [ '27.5.1' ],
84 silly audit   'jest-pnp-resolver': [ '1.2.3' ],
84 silly audit   'jest-regex-util': [ '27.5.1', '28.0.2' ],
84 silly audit   'jest-resolve': [ '27.5.1' ],
84 silly audit   'jest-resolve-dependencies': [ '27.5.1' ],
84 silly audit   'jest-runner': [ '27.5.1' ],
84 silly audit   'jest-runtime': [ '27.5.1' ],
84 silly audit   'jest-serializer': [ '27.5.1' ],
84 silly audit   'jest-snapshot': [ '27.5.1' ],
84 silly audit   'jest-validate': [ '27.5.1' ],
84 silly audit   'jest-watch-typeahead': [ '1.1.0' ],
84 silly audit   slash: [ '3.0.0', '4.0.0' ],
84 silly audit   'jest-watcher': [ '28.1.3', '27.5.1' ],
84 silly audit   'string-length': [ '4.0.2', '5.0.1' ],
84 silly audit   jiti: [ '1.21.6' ],
84 silly audit   'js-tokens': [ '4.0.0' ],
84 silly audit   jsdom: [ '16.7.0' ],
84 silly audit   jsesc: [ '2.5.2', '0.5.0' ],
84 silly audit   'json-buffer': [ '3.0.1' ],
84 silly audit   'json-parse-even-better-errors': [ '2.3.1' ],
84 silly audit   'json-schema': [ '0.4.0' ],
84 silly audit   'json-stable-stringify-without-jsonify': [ '1.0.1' ],
84 silly audit   json5: [ '2.2.3', '1.0.2' ],
84 silly audit   jsonfile: [ '6.1.0' ],
84 silly audit   jsonpath: [ '1.1.1' ],
84 silly audit   jsonpointer: [ '5.0.1' ],
84 silly audit   'jsx-ast-utils': [ '3.3.5' ],
84 silly audit   keyv: [ '4.5.4' ],
84 silly audit   'kind-of': [ '6.0.3' ],
84 silly audit   kleur: [ '3.0.3' ],
84 silly audit   klona: [ '2.0.6' ],
84 silly audit   'language-subtag-registry': [ '0.3.23' ],
84 silly audit   'language-tags': [ '1.0.9' ],
84 silly audit   'launch-editor': [ '2.8.0' ],
84 silly audit   leven: [ '3.1.0' ],
84 silly audit   levn: [ '0.4.1', '0.3.0' ],
84 silly audit   lilconfig: [ '2.1.0', '3.1.2' ],
84 silly audit   'lines-and-columns': [ '1.2.4' ],
84 silly audit   'loader-runner': [ '4.3.0' ],
84 silly audit   'loader-utils': [ '2.0.4', '3.3.1' ],
84 silly audit   lodash: [ '4.17.21' ],
84 silly audit   'lodash.debounce': [ '4.0.8' ],
84 silly audit   'lodash.memoize': [ '4.1.2' ],
84 silly audit   'lodash.merge': [ '4.6.2' ],
84 silly audit   'lodash.sortby': [ '4.7.0' ],
84 silly audit   'lodash.uniq': [ '4.5.0' ],
84 silly audit   'loose-envify': [ '1.4.0' ],
84 silly audit   'lower-case': [ '2.0.2' ],
84 silly audit   'lru-cache': [ '5.1.1', '10.4.3' ],
84 silly audit   'lz-string': [ '1.5.0' ],
84 silly audit   'magic-string': [ '0.25.9' ],
84 silly audit   makeerror: [ '1.0.12' ],
84 silly audit   'media-typer': [ '0.3.0' ],
84 silly audit   memfs: [ '3.5.3' ],
84 silly audit   'merge-descriptors': [ '1.0.1' ],
84 silly audit   'merge-stream': [ '2.0.0' ],
84 silly audit   merge2: [ '1.4.1' ],
84 silly audit   methods: [ '1.1.2' ],
84 silly audit   micromatch: [ '4.0.7' ],
84 silly audit   mime: [ '1.6.0' ],
84 silly audit   'mime-db': [ '1.52.0' ],
84 silly audit   'mime-types': [ '2.1.35' ],
84 silly audit   'mimic-fn': [ '2.1.0' ],
84 silly audit   'min-indent': [ '1.0.1' ],
84 silly audit   'mini-css-extract-plugin': [ '2.9.0' ],
84 silly audit   'minimalistic-assert': [ '1.0.1' ],
84 silly audit   minimist: [ '1.2.8' ],
84 silly audit   minipass: [ '7.1.2' ],
84 silly audit   mkdirp: [ '0.5.6' ],
84 silly audit   'multicast-dns': [ '7.2.5' ],
84 silly audit   mz: [ '2.7.0' ],
84 silly audit   nanoid: [ '3.3.7' ],
84 silly audit   'natural-compare': [ '1.4.0' ],
84 silly audit   'natural-compare-lite': [ '1.4.0' ],
84 silly audit   negotiator: [ '0.6.3' ],
84 silly audit   'neo-async': [ '2.6.2' ],
84 silly audit   'no-case': [ '3.0.4' ],
84 silly audit   'node-forge': [ '1.3.1' ],
84 silly audit   'node-int64': [ '0.4.0' ],
84 silly audit   'node-releases': [ '2.0.14' ],
84 silly audit   'normalize-path': [ '3.0.0' ],
84 silly audit   'normalize-range': [ '0.1.2' ],
84 silly audit   'normalize-url': [ '6.1.0' ],
84 silly audit   'npm-run-path': [ '4.0.1' ],
84 silly audit   'nth-check': [ '2.1.1', '1.0.2' ],
84 silly audit   nwsapi: [ '2.2.12' ],
84 silly audit   'object-assign': [ '4.1.1' ],
84 silly audit   'object-hash': [ '3.0.0' ],
84 silly audit   'object-inspect': [ '1.13.2' ],
84 silly audit   'object-is': [ '1.1.6' ],
84 silly audit   'object-keys': [ '1.1.1' ],
84 silly audit   'object.assign': [ '4.1.5' ],
84 silly audit   'object.entries': [ '1.1.8' ],
84 silly audit   'object.fromentries': [ '2.0.8' ],
84 silly audit   'object.getownpropertydescriptors': [ '2.1.8' ],
84 silly audit   'object.groupby': [ '1.0.3' ],
84 silly audit   'object.values': [ '1.2.0' ],
84 silly audit   obuf: [ '1.1.2' ],
84 silly audit   'on-finished': [ '2.4.1' ],
84 silly audit   'on-headers': [ '1.0.2' ],
84 silly audit   once: [ '1.4.0' ],
84 silly audit   onetime: [ '5.1.2' ],
84 silly audit   open: [ '8.4.2' ],
84 silly audit   optionator: [ '0.9.4', '0.8.3' ],
84 silly audit   'p-retry': [ '4.6.2' ],
84 silly audit   'p-try': [ '2.2.0' ],
84 silly audit   'package-json-from-dist': [ '1.0.0' ],
84 silly audit   'param-case': [ '3.0.4' ],
84 silly audit   'parent-module': [ '1.0.1' ],
84 silly audit   'parse-json': [ '5.2.0' ],
84 silly audit   parse5: [ '6.0.1' ],
84 silly audit   parseurl: [ '1.3.3' ],
84 silly audit   'pascal-case': [ '3.1.2' ],
84 silly audit   'path-exists': [ '4.0.0', '3.0.0' ],
84 silly audit   'path-is-absolute': [ '1.0.1' ],
84 silly audit   'path-key': [ '3.1.1' ],
84 silly audit   'path-parse': [ '1.0.7' ],
84 silly audit   'path-scurry': [ '1.11.1' ],
84 silly audit   'path-to-regexp': [ '0.1.7' ],
84 silly audit   'path-type': [ '4.0.0' ],
84 silly audit   'performance-now': [ '2.1.0' ],
84 silly audit   picocolors: [ '1.0.1', '0.2.1' ],
84 silly audit   picomatch: [ '2.3.1' ],
84 silly audit   pify: [ '2.3.0' ],
84 silly audit   pirates: [ '4.0.6' ],
84 silly audit   'pkg-dir': [ '4.2.0' ],
84 silly audit   'pkg-up': [ '3.1.0' ],
84 silly audit   'possible-typed-array-names': [ '1.0.0' ],
84 silly audit   postcss: [ '8.4.39', '7.0.39', '8.4.38' ],
84 silly audit   'postcss-attribute-case-insensitive': [ '5.0.2' ],
84 silly audit   'postcss-browser-comments': [ '4.0.0' ],
84 silly audit   'postcss-calc': [ '8.2.4' ],
84 silly audit   'postcss-clamp': [ '4.1.0' ],
84 silly audit   'postcss-color-functional-notation': [ '4.2.4' ],
84 silly audit   'postcss-color-hex-alpha': [ '8.0.4' ],
84 silly audit   'postcss-color-rebeccapurple': [ '7.1.1' ],
84 silly audit   'postcss-colormin': [ '5.3.1' ],
84 silly audit   'postcss-convert-values': [ '5.1.3' ],
84 silly audit   'postcss-custom-media': [ '8.0.2' ],
84 silly audit   'postcss-custom-properties': [ '12.1.11' ],
84 silly audit   'postcss-custom-selectors': [ '6.0.3' ],
84 silly audit   'postcss-dir-pseudo-class': [ '6.0.5' ],
84 silly audit   'postcss-discard-comments': [ '5.1.2' ],
84 silly audit   'postcss-discard-duplicates': [ '5.1.0' ],
84 silly audit   'postcss-discard-empty': [ '5.1.1' ],
84 silly audit   'postcss-discard-overridden': [ '5.1.0' ],
84 silly audit   'postcss-double-position-gradients': [ '3.1.2' ],
84 silly audit   'postcss-env-function': [ '4.0.6' ],
84 silly audit   'postcss-flexbugs-fixes': [ '5.0.2' ],
84 silly audit   'postcss-focus-visible': [ '6.0.4' ],
84 silly audit   'postcss-focus-within': [ '5.0.4' ],
84 silly audit   'postcss-font-variant': [ '5.0.0' ],
84 silly audit   'postcss-gap-properties': [ '3.0.5' ],
84 silly audit   'postcss-image-set-function': [ '4.0.7' ],
84 silly audit   'postcss-import': [ '15.1.0' ],
84 silly audit   'postcss-initial': [ '4.0.1' ],
84 silly audit   'postcss-js': [ '4.0.1' ],
84 silly audit   'postcss-lab-function': [ '4.2.1' ],
84 silly audit   'postcss-load-config': [ '4.0.2' ],
84 silly audit   yaml: [ '2.4.5', '1.10.2' ],
84 silly audit   'postcss-loader': [ '6.2.1' ],
84 silly audit   'postcss-logical': [ '5.0.4' ],
84 silly audit   'postcss-media-minmax': [ '5.0.0' ],
84 silly audit   'postcss-merge-longhand': [ '5.1.7' ],
84 silly audit   'postcss-merge-rules': [ '5.1.4' ],
84 silly audit   'postcss-minify-font-values': [ '5.1.0' ],
84 silly audit   'postcss-minify-gradients': [ '5.1.1' ],
84 silly audit   'postcss-minify-params': [ '5.1.4' ],
84 silly audit   'postcss-minify-selectors': [ '5.2.1' ],
84 silly audit   'postcss-modules-extract-imports': [ '3.1.0' ],
84 silly audit   'postcss-modules-local-by-default': [ '4.0.5' ],
84 silly audit   'postcss-modules-scope': [ '3.2.0' ],
84 silly audit   'postcss-modules-values': [ '4.0.0' ],
84 silly audit   'postcss-nested': [ '6.0.1' ],
84 silly audit   'postcss-nesting': [ '10.2.0' ],
84 silly audit   'postcss-normalize': [ '10.0.1' ],
84 silly audit   'postcss-normalize-charset': [ '5.1.0' ],
84 silly audit   'postcss-normalize-display-values': [ '5.1.0' ],
84 silly audit   'postcss-normalize-positions': [ '5.1.1' ],
84 silly audit   'postcss-normalize-repeat-style': [ '5.1.1' ],
84 silly audit   'postcss-normalize-string': [ '5.1.0' ],
84 silly audit   'postcss-normalize-timing-functions': [ '5.1.0' ],
84 silly audit   'postcss-normalize-unicode': [ '5.1.1' ],
84 silly audit   'postcss-normalize-url': [ '5.1.0' ],
84 silly audit   'postcss-normalize-whitespace': [ '5.1.1' ],
84 silly audit   'postcss-opacity-percentage': [ '1.1.3' ],
84 silly audit   'postcss-ordered-values': [ '5.1.3' ],
84 silly audit   'postcss-overflow-shorthand': [ '3.0.4' ],
84 silly audit   'postcss-page-break': [ '3.0.4' ],
84 silly audit   'postcss-place': [ '7.0.5' ],
84 silly audit   'postcss-preset-env': [ '7.8.3' ],
84 silly audit   'postcss-pseudo-class-any-link': [ '7.1.6' ],
84 silly audit   'postcss-reduce-initial': [ '5.1.2' ],
84 silly audit   'postcss-reduce-transforms': [ '5.1.0' ],
84 silly audit   'postcss-replace-overflow-wrap': [ '4.0.0' ],
84 silly audit   'postcss-selector-not': [ '6.0.1' ],
84 silly audit   'postcss-selector-parser': [ '6.1.1' ],
84 silly audit   'postcss-svgo': [ '5.1.0' ],
84 silly audit   svgo: [ '2.8.0', '1.3.2' ],
84 silly audit   'postcss-unique-selectors': [ '5.1.1' ],
84 silly audit   'postcss-value-parser': [ '4.2.0' ],
84 silly audit   'prelude-ls': [ '1.2.1', '1.1.2' ],
84 silly audit   'pretty-bytes': [ '5.6.0' ],
84 silly audit   'pretty-error': [ '4.0.0' ],
84 silly audit   'process-nextick-args': [ '2.0.1' ],
84 silly audit   promise: [ '8.3.0' ],
84 silly audit   prompts: [ '2.4.2' ],
84 silly audit   'prop-types': [ '15.8.1' ],
84 silly audit   'proxy-addr': [ '2.0.7' ],
84 silly audit   'proxy-from-env': [ '1.1.0' ],
84 silly audit   psl: [ '1.9.0' ],
84 silly audit   punycode: [ '2.3.1' ],
84 silly audit   q: [ '1.5.1' ],
84 silly audit   qs: [ '6.11.0' ],
84 silly audit   querystringify: [ '2.2.0' ],
84 silly audit   'queue-microtask': [ '1.2.3' ],
84 silly audit   raf: [ '3.4.1' ],
84 silly audit   randombytes: [ '2.1.0' ],
84 silly audit   'range-parser': [ '1.2.1' ],
84 silly audit   'raw-body': [ '2.5.2' ],
84 silly audit   react: [ '18.3.1' ],
84 silly audit   'react-app-polyfill': [ '3.0.0' ],
84 silly audit   'regenerator-runtime': [ '0.13.11', '0.14.1' ],
84 silly audit   'react-dev-utils': [ '12.0.1' ],
84 silly audit   'react-dnd': [ '16.0.1' ],
84 silly audit   'react-dnd-html5-backend': [ '16.0.1' ],
84 silly audit   'react-dom': [ '18.3.1' ],
84 silly audit   'react-error-overlay': [ '6.0.11' ],
84 silly audit   'react-refresh': [ '0.11.0' ],
84 silly audit   'react-router': [ '6.25.1' ],
84 silly audit   'react-router-dom': [ '6.25.1' ],
84 silly audit   'react-scripts': [ '5.0.1' ],
84 silly audit   'read-cache': [ '1.0.0' ],
84 silly audit   readdirp: [ '3.6.0' ],
84 silly audit   'recursive-readdir': [ '2.2.3' ],
84 silly audit   redent: [ '3.0.0' ],
84 silly audit   redux: [ '4.2.1' ],
84 silly audit   'reflect.getprototypeof': [ '1.0.6' ],
84 silly audit   regenerate: [ '1.4.2' ],
84 silly audit   'regenerate-unicode-properties': [ '10.1.1' ],
84 silly audit   'regenerator-transform': [ '0.15.2' ],
84 silly audit   'regex-parser': [ '2.3.0' ],
84 silly audit   'regexp.prototype.flags': [ '1.5.2' ],
84 silly audit   'regexpu-core': [ '5.3.2' ],
84 silly audit   regjsparser: [ '0.9.1' ],
84 silly audit   relateurl: [ '0.2.7' ],
84 silly audit   renderkid: [ '3.0.0' ],
84 silly audit   'require-directory': [ '2.1.1' ],
84 silly audit   'require-from-string': [ '2.0.2' ],
84 silly audit   'requires-port': [ '1.0.0' ],
84 silly audit   'resolve-cwd': [ '3.0.0' ],
84 silly audit   'resolve-url-loader': [ '4.0.0' ],
84 silly audit   'resolve.exports': [ '1.1.1' ],
84 silly audit   retry: [ '0.13.1' ],
84 silly audit   reusify: [ '1.0.4' ],
84 silly audit   rimraf: [ '3.0.2' ],
84 silly audit   rollup: [ '2.79.1' ],
84 silly audit   'rollup-plugin-terser': [ '7.0.2' ],
84 silly audit   'serialize-javascript': [ '4.0.0', '6.0.2' ],
84 silly audit   'run-parallel': [ '1.2.0' ],
84 silly audit   'safe-array-concat': [ '1.1.2' ],
84 silly audit   'safe-regex-test': [ '1.0.3' ],
84 silly audit   'safer-buffer': [ '2.1.2' ],
84 silly audit   'sanitize.css': [ '13.0.0' ],
84 silly audit   'sass-loader': [ '12.6.0' ],
84 silly audit   sax: [ '1.2.4' ],
84 silly audit   saxes: [ '5.0.1' ],
84 silly audit   scheduler: [ '0.23.2' ],
84 silly audit   'select-hose': [ '2.0.0' ],
84 silly audit   selfsigned: [ '2.4.1' ],
84 silly audit   send: [ '0.18.0' ],
84 silly audit   'serve-index': [ '1.9.1' ],
84 silly audit   setprototypeof: [ '1.1.0', '1.2.0' ],
84 silly audit   statuses: [ '1.5.0', '2.0.1' ],
84 silly audit   'serve-static': [ '1.15.0' ],
84 silly audit   'set-function-length': [ '1.2.2' ],
84 silly audit   'set-function-name': [ '2.0.2' ],
84 silly audit   'shebang-command': [ '2.0.0' ],
84 silly audit   'shebang-regex': [ '3.0.0' ],
84 silly audit   'shell-quote': [ '1.8.1' ],
84 silly audit   'side-channel': [ '1.0.6' ],
84 silly audit   sisteransi: [ '1.0.5' ],
84 silly audit   sockjs: [ '0.3.24' ],
84 silly audit   'source-list-map': [ '2.0.1' ],
84 silly audit   'source-map-js': [ '1.2.0' ],
84 silly audit   'source-map-loader': [ '3.0.2' ],
84 silly audit   'source-map-support': [ '0.5.21' ],
84 silly audit   'sourcemap-codec': [ '1.4.8' ],
84 silly audit   spdy: [ '4.0.2' ],
84 silly audit   'spdy-transport': [ '3.0.0' ],
84 silly audit   'sprintf-js': [ '1.0.3' ],
84 silly audit   stable: [ '0.1.8' ],
84 silly audit   'stack-utils': [ '2.0.6' ],
84 silly audit   stackframe: [ '1.3.4' ],
84 silly audit   'static-eval': [ '2.0.2' ],
84 silly audit   'type-check': [ '0.3.2', '0.4.0' ],
84 silly audit   'stop-iteration-iterator': [ '1.0.0' ],
84 silly audit   'string-natural-compare': [ '3.0.1' ],
84 silly audit   'string.prototype.includes': [ '2.0.0' ],
84 silly audit   'string.prototype.matchall': [ '4.0.11' ],
84 silly audit   'string.prototype.repeat': [ '1.0.0' ],
84 silly audit   'string.prototype.trim': [ '1.2.9' ],
84 silly audit   'string.prototype.trimend': [ '1.0.8' ],
84 silly audit   'string.prototype.trimstart': [ '1.0.8' ],
84 silly audit   'stringify-object': [ '3.3.0' ],
84 silly audit   'strip-bom': [ '4.0.0', '3.0.0' ],
84 silly audit   'strip-comments': [ '2.0.1' ],
84 silly audit   'strip-final-newline': [ '2.0.0' ],
84 silly audit   'strip-indent': [ '3.0.0' ],
84 silly audit   'strip-json-comments': [ '3.1.1' ],
84 silly audit   'style-loader': [ '3.3.4' ],
84 silly audit   stylehacks: [ '5.1.1' ],
84 silly audit   sucrase: [ '3.35.0' ],
84 silly audit   'supports-hyperlinks': [ '2.3.0' ],
84 silly audit   'supports-preserve-symlinks-flag': [ '1.0.0' ],
84 silly audit   'svg-parser': [ '2.0.4' ],
84 silly audit   sweetalert2: [ '11.12.4' ],
84 silly audit   'symbol-tree': [ '3.2.4' ],
84 silly audit   tailwindcss: [ '3.4.4' ],
84 silly audit   'temp-dir': [ '2.0.0' ],
84 silly audit   tempy: [ '0.6.0' ],
84 silly audit   'terminal-link': [ '2.1.1' ],
84 silly audit   terser: [ '5.31.2' ],
84 silly audit   'terser-webpack-plugin': [ '5.3.10' ],
84 silly audit   'test-exclude': [ '6.0.0' ],
84 silly audit   'text-table': [ '0.2.0' ],
84 silly audit   thenify: [ '3.3.1' ],
84 silly audit   'thenify-all': [ '1.6.0' ],
84 silly audit   throat: [ '6.0.2' ],
84 silly audit   thunky: [ '1.1.0' ],
84 silly audit   tmpl: [ '1.0.5' ],
84 silly audit   'to-fast-properties': [ '2.0.0' ],
84 silly audit   'to-regex-range': [ '5.0.1' ],
84 silly audit   toidentifier: [ '1.0.1' ],
84 silly audit   'tough-cookie': [ '4.1.4' ],
84 silly audit   universalify: [ '0.2.0', '2.0.1' ],
84 silly audit   tr46: [ '2.1.0', '1.0.1' ],
84 silly audit   tryer: [ '1.0.1' ],
84 silly audit   'ts-interface-checker': [ '0.1.13' ],
84 silly audit   'tsconfig-paths': [ '3.15.0' ],
84 silly audit   tslib: [ '2.6.3', '1.14.1', '2.6.2' ],
84 silly audit   tsutils: [ '3.21.0' ],
84 silly audit   'type-detect': [ '4.0.8' ],
84 silly audit   'type-is': [ '1.6.18' ],
84 silly audit   'typed-array-buffer': [ '1.0.2' ],
84 silly audit   'typed-array-byte-length': [ '1.0.1' ],
84 silly audit   'typed-array-byte-offset': [ '1.0.2' ],
84 silly audit   'typed-array-length': [ '1.0.6' ],
84 silly audit   'typedarray-to-buffer': [ '3.1.5' ],
84 silly audit   typescript: [ '4.9.5' ],
84 silly audit   'unbox-primitive': [ '1.0.2' ],
84 silly audit   underscore: [ '1.12.1' ],
84 silly audit   'undici-types': [ '5.26.5' ],
84 silly audit   'unicode-canonical-property-names-ecmascript': [ '2.0.0' ],
84 silly audit   'unicode-match-property-ecmascript': [ '2.0.0' ],
84 silly audit   'unicode-match-property-value-ecmascript': [ '2.1.0' ],
84 silly audit   'unicode-property-aliases-ecmascript': [ '2.1.0' ],
84 silly audit   'unique-string': [ '2.0.0' ],
84 silly audit   unpipe: [ '1.0.0' ],
84 silly audit   unquote: [ '1.1.1' ],
84 silly audit   upath: [ '1.2.0' ],
84 silly audit   'update-browserslist-db': [ '1.1.0' ],
84 silly audit   'uri-js': [ '4.4.1' ],
84 silly audit   'url-parse': [ '1.5.10' ],
84 silly audit   'util-deprecate': [ '1.0.2' ],
84 silly audit   'util.promisify': [ '1.0.1' ],
84 silly audit   utila: [ '0.4.0' ],
84 silly audit   'utils-merge': [ '1.0.1' ],
84 silly audit   uuid: [ '8.3.2' ],
84 silly audit   'v8-to-istanbul': [ '8.1.1' ],
84 silly audit   vary: [ '1.1.2' ],
84 silly audit   'w3c-hr-time': [ '1.0.2' ],
84 silly audit   'w3c-xmlserializer': [ '2.0.0' ],
84 silly audit   walker: [ '1.0.8' ],
84 silly audit   watchpack: [ '2.4.1' ],
84 silly audit   wbuf: [ '1.7.3' ],
84 silly audit   'web-vitals': [ '2.1.4' ],
84 silly audit   webpack: [ '5.93.0' ],
84 silly audit   'webpack-dev-middleware': [ '5.3.4' ],
84 silly audit   'webpack-dev-server': [ '4.15.2' ],
84 silly audit   ws: [ '8.18.0', '7.5.10' ],
84 silly audit   'webpack-manifest-plugin': [ '4.1.1' ],
84 silly audit   'webpack-sources': [ '2.3.1', '3.2.3', '1.4.3' ],
84 silly audit   'websocket-driver': [ '0.7.4' ],
84 silly audit   'websocket-extensions': [ '0.1.4' ],
84 silly audit   'whatwg-encoding': [ '1.0.5' ],
84 silly audit   'whatwg-fetch': [ '3.6.20' ],
84 silly audit   'whatwg-mimetype': [ '2.3.0' ],
84 silly audit   'whatwg-url': [ '8.7.0', '7.1.0' ],
84 silly audit   'which-boxed-primitive': [ '1.0.2' ],
84 silly audit   'which-builtin-type': [ '1.1.3' ],
84 silly audit   'which-collection': [ '1.0.2' ],
84 silly audit   'which-typed-array': [ '1.1.15' ],
84 silly audit   'word-wrap': [ '1.2.5' ],
84 silly audit   'workbox-background-sync': [ '6.6.0' ],
84 silly audit   'workbox-broadcast-update': [ '6.6.0' ],
84 silly audit   'workbox-build': [ '6.6.0' ],
84 silly audit   '@apideck/better-ajv-errors': [ '0.3.6' ],
84 silly audit   'workbox-cacheable-response': [ '6.6.0' ],
84 silly audit   'workbox-core': [ '6.6.0' ],
84 silly audit   'workbox-expiration': [ '6.6.0' ],
84 silly audit   'workbox-google-analytics': [ '6.6.0' ],
84 silly audit   'workbox-navigation-preload': [ '6.6.0' ],
84 silly audit   'workbox-precaching': [ '6.6.0' ],
84 silly audit   'workbox-range-requests': [ '6.6.0' ],
84 silly audit   'workbox-recipes': [ '6.6.0' ],
84 silly audit   'workbox-routing': [ '6.6.0' ],
84 silly audit   'workbox-strategies': [ '6.6.0' ],
84 silly audit   'workbox-streams': [ '6.6.0' ],
84 silly audit   'workbox-sw': [ '6.6.0' ],
84 silly audit   'workbox-webpack-plugin': [ '6.6.0' ],
84 silly audit   'workbox-window': [ '6.6.0' ],
84 silly audit   wrappy: [ '1.0.2' ],
84 silly audit   'write-file-atomic': [ '3.0.3' ],
84 silly audit   'xml-name-validator': [ '3.0.0' ],
84 silly audit   xmlchars: [ '2.2.0' ],
84 silly audit   y18n: [ '5.0.8' ],
84 silly audit   yallist: [ '3.1.1' ],
84 silly audit   yargs: [ '16.2.0' ],
84 silly audit   'yargs-parser': [ '20.2.9' ],
84 silly audit   'yocto-queue': [ '0.1.0' ],
84 silly audit   'styled-components': [ '6.1.12' ],
84 silly audit   '@emotion/is-prop-valid': [ '1.2.2' ],
84 silly audit   '@emotion/unitless': [ '0.8.1' ],
84 silly audit   '@types/stylis': [ '4.2.5' ],
84 silly audit   'css-to-react-native': [ '3.2.0' ],
84 silly audit   shallowequal: [ '1.1.0' ],
84 silly audit   stylis: [ '4.3.2' ],
84 silly audit   '@emotion/memoize': [ '0.8.1' ],
84 silly audit   camelize: [ '1.0.1' ],
84 silly audit   'css-color-keywords': [ '1.0.0' ]
84 silly audit }
85 verbose reify failed optional dependency D:\Spring_Edu_React\node_modules\fsevents
86 silly reify mark deleted [ 'D:\\Spring_Edu_React\\node_modules\\fsevents' ]
87 silly tarball no local data for css-color-keywords@https://registry.yarnpkg.com/css-color-keywords/-/css-color-keywords-1.0.0.tgz. Extracting by manifest.
88 silly tarball no local data for camelize@https://registry.yarnpkg.com/camelize/-/camelize-1.0.1.tgz. Extracting by manifest.
89 silly tarball no local data for @emotion/memoize@https://registry.yarnpkg.com/@emotion/memoize/-/memoize-0.8.1.tgz. Extracting by manifest.
90 silly tarball no local data for shallowequal@https://registry.yarnpkg.com/shallowequal/-/shallowequal-1.1.0.tgz. Extracting by manifest.
91 silly tarball no local data for css-to-react-native@https://registry.yarnpkg.com/css-to-react-native/-/css-to-react-native-3.2.0.tgz. Extracting by manifest.
92 silly tarball no local data for @emotion/unitless@https://registry.yarnpkg.com/@emotion/unitless/-/unitless-0.8.1.tgz. Extracting by manifest.
93 silly tarball no local data for @types/stylis@https://registry.yarnpkg.com/@types/stylis/-/stylis-4.2.5.tgz. Extracting by manifest.
94 silly tarball no local data for stylis@https://registry.yarnpkg.com/stylis/-/stylis-4.3.2.tgz. Extracting by manifest.
95 silly tarball no local data for @emotion/is-prop-valid@https://registry.yarnpkg.com/@emotion/is-prop-valid/-/is-prop-valid-1.2.2.tgz. Extracting by manifest.
96 silly tarball no local data for styled-components@https://registry.yarnpkg.com/styled-components/-/styled-components-6.1.12.tgz. Extracting by manifest.
97 silly tarball no local data for tslib@https://registry.yarnpkg.com/tslib/-/tslib-2.6.2.tgz. Extracting by manifest.
98 silly tarball no local data for postcss@https://registry.yarnpkg.com/postcss/-/postcss-8.4.38.tgz. Extracting by manifest.
99 http fetch GET 200 https://registry.yarnpkg.com/css-color-keywords/-/css-color-keywords-1.0.0.tgz 108ms (cache miss)
100 http fetch GET 200 https://registry.yarnpkg.com/@types/stylis/-/stylis-4.2.5.tgz 104ms (cache miss)
101 http fetch GET 200 https://registry.yarnpkg.com/shallowequal/-/shallowequal-1.1.0.tgz 114ms (cache miss)
102 http fetch GET 200 https://registry.yarnpkg.com/@emotion/unitless/-/unitless-0.8.1.tgz 116ms (cache miss)
103 http fetch GET 200 https://registry.yarnpkg.com/camelize/-/camelize-1.0.1.tgz 131ms (cache miss)
104 http fetch POST 200 https://registry.yarnpkg.com/-/npm/v1/security/advisories/bulk 179ms
105 silly audit report {
105 silly audit report   axios: [
105 silly audit report     {
105 silly audit report       id: 1098583,
105 silly audit report       url: 'https://github.com/advisories/GHSA-8hc4-vh64-cxmj',
105 silly audit report       title: 'Server-Side Request Forgery in axios',
105 silly audit report       severity: 'high',
105 silly audit report       vulnerable_versions: '>=1.3.2 <=1.7.3',
105 silly audit report       cwe: [Array],
105 silly audit report       cvss: [Object]
105 silly audit report     }
105 silly audit report   ],
105 silly audit report   micromatch: [
105 silly audit report     {
105 silly audit report       id: 1098615,
105 silly audit report       url: 'https://github.com/advisories/GHSA-952p-6rrq-rcjv',
105 silly audit report       title: 'Regular Expression Denial of Service (ReDoS) in micromatch',
105 silly audit report       severity: 'moderate',
105 silly audit report       vulnerable_versions: '<=4.0.7',
105 silly audit report       cwe: [Array],
105 silly audit report       cvss: [Object]
105 silly audit report     }
105 silly audit report   ],
105 silly audit report   'nth-check': [
105 silly audit report     {
105 silly audit report       id: 1095141,
105 silly audit report       url: 'https://github.com/advisories/GHSA-rp65-9cf3-cjxr',
105 silly audit report       title: 'Inefficient Regular Expression Complexity in nth-check',
105 silly audit report       severity: 'high',
105 silly audit report       vulnerable_versions: '<2.0.1',
105 silly audit report       cwe: [Array],
105 silly audit report       cvss: [Object]
105 silly audit report     }
105 silly audit report   ],
105 silly audit report   postcss: [
105 silly audit report     {
105 silly audit report       id: 1094544,
105 silly audit report       url: 'https://github.com/advisories/GHSA-7fh5-64p2-3v2j',
105 silly audit report       title: 'PostCSS line return parsing error',
105 silly audit report       severity: 'moderate',
105 silly audit report       vulnerable_versions: '<8.4.31',
105 silly audit report       cwe: [Array],
105 silly audit report       cvss: [Object]
105 silly audit report     }
105 silly audit report   ],
105 silly audit report   sweetalert2: [
105 silly audit report     {
105 silly audit report       id: 1094698,
105 silly audit report       url: 'https://github.com/advisories/GHSA-mrr8-v49w-3333',
105 silly audit report       title: 'sweetalert2 v11.6.14 and above contains potentially undesirable behavior',
105 silly audit report       severity: 'low',
105 silly audit report       vulnerable_versions: '>=11.6.14',
105 silly audit report       cwe: [Array],
105 silly audit report       cvss: [Object]
105 silly audit report     }
105 silly audit report   ]
105 silly audit report }
106 silly packumentCache corgi:https://registry.yarnpkg.com/axios cache-miss
107 silly packumentCache corgi:https://registry.yarnpkg.com/micromatch cache-miss
108 silly packumentCache corgi:https://registry.yarnpkg.com/nth-check cache-miss
109 silly packumentCache corgi:https://registry.yarnpkg.com/postcss cache-miss
110 silly packumentCache corgi:https://registry.yarnpkg.com/sweetalert2 cache-miss
111 http fetch GET 200 https://registry.yarnpkg.com/tslib/-/tslib-2.6.2.tgz 176ms (cache miss)
112 http fetch GET 200 https://registry.yarnpkg.com/nth-check 55ms (cache miss)
113 silly packumentCache corgi:https://registry.yarnpkg.com/nth-check set size:undefined disposed:false
114 http fetch GET 200 https://registry.yarnpkg.com/micromatch 81ms (cache miss)
115 silly packumentCache corgi:https://registry.yarnpkg.com/micromatch set size:undefined disposed:false
116 http fetch GET 200 https://registry.yarnpkg.com/stylis/-/stylis-4.3.2.tgz 249ms (cache miss)
117 http fetch GET 200 https://registry.yarnpkg.com/axios 91ms (cache miss)
118 silly packumentCache corgi:https://registry.yarnpkg.com/axios set size:undefined disposed:false
119 http fetch GET 200 https://registry.yarnpkg.com/postcss 105ms (cache miss)
120 silly packumentCache corgi:https://registry.yarnpkg.com/postcss set size:undefined disposed:false
121 http fetch GET 200 https://registry.yarnpkg.com/@emotion/memoize/-/memoize-0.8.1.tgz 278ms (cache miss)
122 http fetch GET 200 https://registry.yarnpkg.com/@emotion/is-prop-valid/-/is-prop-valid-1.2.2.tgz 289ms (cache miss)
123 http fetch GET 200 https://registry.yarnpkg.com/css-to-react-native/-/css-to-react-native-3.2.0.tgz 313ms (cache miss)
124 http fetch GET 200 https://registry.yarnpkg.com/postcss/-/postcss-8.4.38.tgz 349ms (cache miss)
125 http fetch GET 200 https://registry.yarnpkg.com/styled-components/-/styled-components-6.1.12.tgz 665ms (cache miss)
126 http fetch GET 200 https://registry.yarnpkg.com/sweetalert2 1988ms (cache miss)
127 silly packumentCache corgi:https://registry.yarnpkg.com/sweetalert2 set size:undefined disposed:false
128 silly packumentCache corgi:https://registry.yarnpkg.com/@jest%2fcore cache-miss
129 silly packumentCache corgi:https://registry.yarnpkg.com/@jest%2ftransform cache-miss
130 silly packumentCache corgi:https://registry.yarnpkg.com/jest-message-util cache-miss
131 silly packumentCache corgi:https://registry.yarnpkg.com/eslint-webpack-plugin cache-miss
132 silly packumentCache corgi:https://registry.yarnpkg.com/fast-glob cache-miss
133 silly packumentCache corgi:https://registry.yarnpkg.com/http-proxy-middleware cache-miss
134 silly packumentCache corgi:https://registry.yarnpkg.com/jest-config cache-miss
135 silly packumentCache corgi:https://registry.yarnpkg.com/jest-haste-map cache-miss
136 silly packumentCache corgi:https://registry.yarnpkg.com/tailwindcss cache-miss
137 http fetch GET 200 https://registry.yarnpkg.com/jest-message-util 42ms (cache miss)
138 silly packumentCache corgi:https://registry.yarnpkg.com/jest-message-util set size:undefined disposed:false
139 http fetch GET 200 https://registry.yarnpkg.com/fast-glob 90ms (cache miss)
140 silly packumentCache corgi:https://registry.yarnpkg.com/fast-glob set size:undefined disposed:false
141 http fetch GET 200 https://registry.yarnpkg.com/@jest%2fcore 111ms (cache miss)
142 silly packumentCache corgi:https://registry.yarnpkg.com/@jest%2fcore set size:undefined disposed:false
143 http fetch GET 200 https://registry.yarnpkg.com/eslint-webpack-plugin 118ms (cache miss)
144 silly packumentCache corgi:https://registry.yarnpkg.com/eslint-webpack-plugin set size:undefined disposed:false
145 http fetch GET 200 https://registry.yarnpkg.com/http-proxy-middleware 119ms (cache miss)
146 silly packumentCache corgi:https://registry.yarnpkg.com/http-proxy-middleware set size:undefined disposed:false
147 http fetch GET 200 https://registry.yarnpkg.com/@jest%2ftransform 134ms (cache miss)
148 silly packumentCache corgi:https://registry.yarnpkg.com/@jest%2ftransform set size:undefined disposed:false
149 http fetch GET 200 https://registry.yarnpkg.com/jest-config 140ms (cache miss)
150 silly packumentCache corgi:https://registry.yarnpkg.com/jest-config set size:undefined disposed:false
151 http fetch GET 200 https://registry.yarnpkg.com/jest-haste-map 155ms (cache miss)
152 silly packumentCache corgi:https://registry.yarnpkg.com/jest-haste-map set size:undefined disposed:false
153 http fetch GET 200 https://registry.yarnpkg.com/tailwindcss 197ms (cache miss)
154 silly packumentCache corgi:https://registry.yarnpkg.com/tailwindcss set size:undefined disposed:false
155 silly packumentCache corgi:https://registry.yarnpkg.com/css-select cache-miss
156 http fetch GET 200 https://registry.yarnpkg.com/css-select 28ms (cache miss)
157 silly packumentCache corgi:https://registry.yarnpkg.com/css-select set size:undefined disposed:false
158 silly packumentCache corgi:https://registry.yarnpkg.com/resolve-url-loader cache-miss
159 http fetch GET 200 https://registry.yarnpkg.com/resolve-url-loader 41ms (cache miss)
160 silly packumentCache corgi:https://registry.yarnpkg.com/resolve-url-loader set size:undefined disposed:false
161 silly packumentCache corgi:https://registry.yarnpkg.com/expect cache-miss
162 silly packumentCache corgi:https://registry.yarnpkg.com/@jest%2fconsole cache-miss
163 silly packumentCache corgi:https://registry.yarnpkg.com/@jest%2ffake-timers cache-miss
164 silly packumentCache corgi:https://registry.yarnpkg.com/jest-circus cache-miss
165 silly packumentCache corgi:https://registry.yarnpkg.com/jest-jasmine2 cache-miss
166 silly packumentCache corgi:https://registry.yarnpkg.com/jest-runner cache-miss
167 silly packumentCache corgi:https://registry.yarnpkg.com/jest-runtime cache-miss
168 silly packumentCache corgi:https://registry.yarnpkg.com/jest-snapshot cache-miss
169 http fetch GET 200 https://registry.yarnpkg.com/expect 136ms (cache miss)
170 silly packumentCache corgi:https://registry.yarnpkg.com/expect set size:undefined disposed:false
171 http fetch GET 200 https://registry.yarnpkg.com/@jest%2ffake-timers 167ms (cache miss)
172 silly packumentCache corgi:https://registry.yarnpkg.com/@jest%2ffake-timers set size:undefined disposed:false
173 http fetch GET 200 https://registry.yarnpkg.com/jest-jasmine2 172ms (cache miss)
174 silly packumentCache corgi:https://registry.yarnpkg.com/jest-jasmine2 set size:undefined disposed:false
175 http fetch GET 200 https://registry.yarnpkg.com/jest-circus 203ms (cache miss)
176 silly packumentCache corgi:https://registry.yarnpkg.com/jest-circus set size:undefined disposed:false
177 http fetch GET 200 https://registry.yarnpkg.com/jest-runner 217ms (cache miss)
178 silly packumentCache corgi:https://registry.yarnpkg.com/jest-runner set size:undefined disposed:false
179 http fetch GET 200 https://registry.yarnpkg.com/jest-runtime 231ms (cache miss)
180 silly packumentCache corgi:https://registry.yarnpkg.com/jest-runtime set size:undefined disposed:false
181 http fetch GET 200 https://registry.yarnpkg.com/jest-snapshot 249ms (cache miss)
182 silly packumentCache corgi:https://registry.yarnpkg.com/jest-snapshot set size:undefined disposed:false
183 http fetch GET 200 https://registry.yarnpkg.com/@jest%2fconsole 1261ms (cache miss)
184 silly packumentCache corgi:https://registry.yarnpkg.com/@jest%2fconsole set size:undefined disposed:false
185 silly packumentCache corgi:https://registry.yarnpkg.com/globby cache-miss
186 http fetch GET 200 https://registry.yarnpkg.com/globby 193ms (cache miss)
187 silly packumentCache corgi:https://registry.yarnpkg.com/globby set size:undefined disposed:false
188 silly packumentCache corgi:https://registry.yarnpkg.com/jest cache-miss
189 silly packumentCache corgi:https://registry.yarnpkg.com/jest-cli cache-miss
190 http fetch GET 200 https://registry.yarnpkg.com/jest-cli 74ms (cache miss)
191 silly packumentCache corgi:https://registry.yarnpkg.com/jest-cli set size:undefined disposed:false
192 http fetch GET 200 https://registry.yarnpkg.com/jest 131ms (cache miss)
193 silly packumentCache corgi:https://registry.yarnpkg.com/jest set size:undefined disposed:false
194 silly packumentCache corgi:https://registry.yarnpkg.com/webpack-dev-server cache-miss
195 http fetch GET 200 https://registry.yarnpkg.com/webpack-dev-server 47ms (cache miss)
196 silly packumentCache corgi:https://registry.yarnpkg.com/webpack-dev-server set size:undefined disposed:false
197 silly packumentCache corgi:https://registry.yarnpkg.com/react-scripts cache-miss
198 http fetch GET 200 https://registry.yarnpkg.com/react-scripts 44ms (cache miss)
199 silly packumentCache corgi:https://registry.yarnpkg.com/react-scripts set size:undefined disposed:false
200 silly packumentCache corgi:https://registry.yarnpkg.com/@jest%2freporters cache-miss
201 silly packumentCache corgi:https://registry.yarnpkg.com/babel-jest cache-miss
202 http fetch GET 200 https://registry.yarnpkg.com/babel-jest 95ms (cache miss)
203 silly packumentCache corgi:https://registry.yarnpkg.com/babel-jest set size:undefined disposed:false
204 http fetch GET 200 https://registry.yarnpkg.com/@jest%2freporters 127ms (cache miss)
205 silly packumentCache corgi:https://registry.yarnpkg.com/@jest%2freporters set size:undefined disposed:false
206 silly packumentCache corgi:https://registry.yarnpkg.com/@jest%2ftest-sequencer cache-miss
207 silly packumentCache corgi:https://registry.yarnpkg.com/jest-resolve cache-miss
208 http fetch GET 200 https://registry.yarnpkg.com/jest-resolve 222ms (cache miss)
209 silly packumentCache corgi:https://registry.yarnpkg.com/jest-resolve set size:undefined disposed:false
210 http fetch GET 200 https://registry.yarnpkg.com/@jest%2ftest-sequencer 253ms (cache miss)
211 silly packumentCache corgi:https://registry.yarnpkg.com/@jest%2ftest-sequencer set size:undefined disposed:false
212 silly packumentCache corgi:https://registry.yarnpkg.com/svgo cache-miss
213 http fetch GET 200 https://registry.yarnpkg.com/svgo 43ms (cache miss)
214 silly packumentCache corgi:https://registry.yarnpkg.com/svgo set size:undefined disposed:false
215 silly packumentCache corgi:https://registry.yarnpkg.com/@types%2fjest cache-miss
216 silly packumentCache corgi:https://registry.yarnpkg.com/@jest%2fglobals cache-miss
217 http fetch GET 200 https://registry.yarnpkg.com/@types%2fjest 165ms (cache miss)
218 silly packumentCache corgi:https://registry.yarnpkg.com/@types%2fjest set size:undefined disposed:false
219 http fetch GET 200 https://registry.yarnpkg.com/@jest%2fglobals 177ms (cache miss)
220 silly packumentCache corgi:https://registry.yarnpkg.com/@jest%2fglobals set size:undefined disposed:false
221 silly packumentCache corgi:https://registry.yarnpkg.com/@jest%2fenvironment cache-miss
222 silly packumentCache corgi:https://registry.yarnpkg.com/jest-environment-jsdom cache-miss
223 silly packumentCache corgi:https://registry.yarnpkg.com/jest-environment-node cache-miss
224 http fetch GET 200 https://registry.yarnpkg.com/jest-environment-node 65ms (cache miss)
225 silly packumentCache corgi:https://registry.yarnpkg.com/jest-environment-node set size:undefined disposed:false
226 http fetch GET 200 https://registry.yarnpkg.com/jest-environment-jsdom 89ms (cache miss)
227 silly packumentCache corgi:https://registry.yarnpkg.com/jest-environment-jsdom set size:undefined disposed:false
228 http fetch GET 200 https://registry.yarnpkg.com/@jest%2fenvironment 257ms (cache miss)
229 silly packumentCache corgi:https://registry.yarnpkg.com/@jest%2fenvironment set size:undefined disposed:false
230 silly packumentCache corgi:https://registry.yarnpkg.com/jest-resolve-dependencies cache-miss
231 http fetch GET 200 https://registry.yarnpkg.com/jest-resolve-dependencies 227ms (cache miss)
232 silly packumentCache corgi:https://registry.yarnpkg.com/jest-resolve-dependencies set size:undefined disposed:false
233 silly packumentCache corgi:https://registry.yarnpkg.com/@jest%2ftest-result cache-miss
234 http fetch GET 200 https://registry.yarnpkg.com/@jest%2ftest-result 89ms (cache miss)
235 silly packumentCache corgi:https://registry.yarnpkg.com/@jest%2ftest-result set size:undefined disposed:false
236 silly packumentCache corgi:https://registry.yarnpkg.com/@typescript-eslint%2ftypescript-estree cache-miss
237 silly packumentCache corgi:https://registry.yarnpkg.com/react-dev-utils cache-miss
238 http fetch GET 200 https://registry.yarnpkg.com/react-dev-utils 32ms (cache miss)
239 silly packumentCache corgi:https://registry.yarnpkg.com/react-dev-utils set size:undefined disposed:false
240 http fetch GET 200 https://registry.yarnpkg.com/@typescript-eslint%2ftypescript-estree 294ms (cache miss)
241 silly packumentCache corgi:https://registry.yarnpkg.com/@typescript-eslint%2ftypescript-estree set size:undefined disposed:false
242 silly packumentCache corgi:https://registry.yarnpkg.com/jest-watch-typeahead cache-miss
243 http fetch GET 200 https://registry.yarnpkg.com/jest-watch-typeahead 54ms (cache miss)
244 silly packumentCache corgi:https://registry.yarnpkg.com/jest-watch-typeahead set size:undefined disposed:false
245 silly packumentCache corgi:https://registry.yarnpkg.com/@pmmmwh%2freact-refresh-webpack-plugin cache-miss
246 http fetch GET 200 https://registry.yarnpkg.com/@pmmmwh%2freact-refresh-webpack-plugin 88ms (cache miss)
247 silly packumentCache corgi:https://registry.yarnpkg.com/@pmmmwh%2freact-refresh-webpack-plugin set size:undefined disposed:false
248 silly packumentCache corgi:https://registry.yarnpkg.com/jest-pnp-resolver cache-miss
249 http fetch GET 200 https://registry.yarnpkg.com/jest-pnp-resolver 181ms (cache miss)
250 silly packumentCache corgi:https://registry.yarnpkg.com/jest-pnp-resolver set size:undefined disposed:false
251 silly packumentCache corgi:https://registry.yarnpkg.com/@svgr%2fplugin-svgo cache-miss
252 http fetch GET 200 https://registry.yarnpkg.com/@svgr%2fplugin-svgo 70ms (cache miss)
253 silly packumentCache corgi:https://registry.yarnpkg.com/@svgr%2fplugin-svgo set size:undefined disposed:false
254 silly packumentCache corgi:https://registry.yarnpkg.com/@types%2ftesting-library__jest-dom cache-miss
255 http fetch GET 200 https://registry.yarnpkg.com/@types%2ftesting-library__jest-dom 56ms (cache miss)
256 silly packumentCache corgi:https://registry.yarnpkg.com/@types%2ftesting-library__jest-dom set size:undefined disposed:false
257 silly packumentCache corgi:https://registry.yarnpkg.com/jest-watcher cache-miss
258 http fetch GET 200 https://registry.yarnpkg.com/jest-watcher 114ms (cache miss)
259 silly packumentCache corgi:https://registry.yarnpkg.com/jest-watcher set size:undefined disposed:false
260 silly packumentCache corgi:https://registry.yarnpkg.com/@typescript-eslint%2fparser cache-miss
261 silly packumentCache corgi:https://registry.yarnpkg.com/@typescript-eslint%2ftype-utils cache-miss
262 silly packumentCache corgi:https://registry.yarnpkg.com/@typescript-eslint%2futils cache-miss
263 http fetch GET 200 https://registry.yarnpkg.com/@typescript-eslint%2futils 164ms (cache miss)
264 silly packumentCache corgi:https://registry.yarnpkg.com/@typescript-eslint%2futils set size:undefined disposed:false
265 http fetch GET 200 https://registry.yarnpkg.com/@typescript-eslint%2ftype-utils 4718ms (cache miss)
266 silly packumentCache corgi:https://registry.yarnpkg.com/@typescript-eslint%2ftype-utils set size:undefined disposed:false
267 http fetch GET 200 https://registry.yarnpkg.com/@typescript-eslint%2fparser 4886ms (cache miss)
268 silly packumentCache corgi:https://registry.yarnpkg.com/@typescript-eslint%2fparser set size:undefined disposed:false
269 silly packumentCache corgi:https://registry.yarnpkg.com/@svgr%2fwebpack cache-miss
270 http fetch GET 200 https://registry.yarnpkg.com/@svgr%2fwebpack 714ms (cache miss)
271 silly packumentCache corgi:https://registry.yarnpkg.com/@svgr%2fwebpack set size:undefined disposed:false
272 silly packumentCache corgi:https://registry.yarnpkg.com/@typescript-eslint%2feslint-plugin cache-miss
273 silly packumentCache corgi:https://registry.yarnpkg.com/@typescript-eslint%2fexperimental-utils cache-miss
274 silly packumentCache corgi:https://registry.yarnpkg.com/eslint-plugin-testing-library cache-miss
275 http fetch GET 200 https://registry.yarnpkg.com/eslint-plugin-testing-library 2480ms (cache miss)
276 silly packumentCache corgi:https://registry.yarnpkg.com/eslint-plugin-testing-library set size:undefined disposed:false
277 http fetch GET 200 https://registry.yarnpkg.com/@typescript-eslint%2fexperimental-utils 2607ms (cache miss)
278 silly packumentCache corgi:https://registry.yarnpkg.com/@typescript-eslint%2fexperimental-utils set size:undefined disposed:false
279 http fetch GET 200 https://registry.yarnpkg.com/@typescript-eslint%2feslint-plugin 2799ms (cache miss)
280 silly packumentCache corgi:https://registry.yarnpkg.com/@typescript-eslint%2feslint-plugin set size:undefined disposed:false
281 silly packumentCache corgi:https://registry.yarnpkg.com/eslint-config-react-app cache-miss
282 http fetch GET 200 https://registry.yarnpkg.com/eslint-config-react-app 1701ms (cache miss)
283 silly packumentCache corgi:https://registry.yarnpkg.com/eslint-config-react-app set size:undefined disposed:false
284 silly packumentCache corgi:https://registry.yarnpkg.com/eslint-plugin-jest cache-miss
285 http fetch GET 200 https://registry.yarnpkg.com/eslint-plugin-jest 47ms (cache miss)
286 silly packumentCache corgi:https://registry.yarnpkg.com/eslint-plugin-jest set size:undefined disposed:false
287 silly ADD node_modules/css-color-keywords
288 silly ADD node_modules/camelize
289 silly ADD node_modules/@emotion/memoize
290 silly ADD node_modules/stylis
291 silly ADD node_modules/shallowequal
292 silly ADD node_modules/css-to-react-native
293 silly ADD node_modules/@types/stylis
294 silly ADD node_modules/@emotion/unitless
295 silly ADD node_modules/@emotion/is-prop-valid
296 silly ADD node_modules/styled-components
297 silly ADD node_modules/styled-components/node_modules/tslib
298 silly ADD node_modules/styled-components/node_modules/postcss
299 silly ADD
300 verbose cwd D:\Spring_Edu_React
301 verbose os Windows_NT 10.0.19045
302 verbose node v18.18.0
303 verbose npm  v10.8.2
304 verbose exit 0
305 info ok
